ERROR - 2022-01-10 21:57:16 --> Error connecting to the database: No connection could be made because the target machine actively refused it.

CRITICAL - 2022-01-10 21:57:16 --> Unable to connect to the database.
#0 D:\laragon\www\CI4SIKATAR\vendor\codeigniter4\framework\system\Database\BaseConnection.php(618): CodeIgniter\Database\BaseConnection->initialize()
#1 D:\laragon\www\CI4SIKATAR\vendor\codeigniter4\framework\system\Database\BaseBuilder.php(1966): CodeIgniter\Database\BaseConnection->query('SELECT COUNT(*)...', Array, false)
#2 D:\laragon\www\CI4SIKATAR\vendor\codeigniter4\framework\system\Model.php(570): CodeIgniter\Database\BaseBuilder->countAllResults(false)
#3 D:\laragon\www\CI4SIKATAR\vendor\codeigniter4\framework\system\BaseModel.php(1090): CodeIgniter\Model->countAllResults(false)
#4 D:\laragon\www\CI4SIKATAR\app\Controllers\Pages.php(58): CodeIgniter\BaseModel->paginate(6)
#5 D:\laragon\www\CI4SIKATAR\vendor\codeigniter4\framework\system\CodeIgniter.php(936): App\Controllers\Pages->index()
#6 D:\laragon\www\CI4SIKATAR\vendor\codeigniter4\framework\system\CodeIgniter.php(432): CodeIgniter\CodeIgniter->runController(Object(App\Controllers\Pages))
#7 D:\laragon\www\CI4SIKATAR\vendor\codeigniter4\framework\system\CodeIgniter.php(333): CodeIgniter\CodeIgniter->handleRequest(NULL, Object(Config\Cache), false)
#8 D:\laragon\www\CI4SIKATAR\public\index.php(44): CodeIgniter\CodeIgniter->run()
#9 D:\laragon\www\CI4SIKATAR\vendor\codeigniter4\framework\system\Commands\Server\rewrite.php(45): require_once('D:\\laragon\\www\\...')
#10 {main}
ERROR - 2022-01-10 21:57:34 --> Error connecting to the database: No connection could be made because the target machine actively refused it.

CRITICAL - 2022-01-10 21:57:34 --> Unable to connect to the database.
#0 D:\laragon\www\CI4SIKATAR\vendor\codeigniter4\framework\system\Database\BaseConnection.php(618): CodeIgniter\Database\BaseConnection->initialize()
#1 D:\laragon\www\CI4SIKATAR\vendor\codeigniter4\framework\system\Database\BaseBuilder.php(1966): CodeIgniter\Database\BaseConnection->query('SELECT COUNT(*)...', Array, false)
#2 D:\laragon\www\CI4SIKATAR\vendor\codeigniter4\framework\system\Model.php(570): CodeIgniter\Database\BaseBuilder->countAllResults(false)
#3 D:\laragon\www\CI4SIKATAR\vendor\codeigniter4\framework\system\BaseModel.php(1090): CodeIgniter\Model->countAllResults(false)
#4 D:\laragon\www\CI4SIKATAR\app\Controllers\Pages.php(58): CodeIgniter\BaseModel->paginate(6)
#5 D:\laragon\www\CI4SIKATAR\vendor\codeigniter4\framework\system\CodeIgniter.php(936): App\Controllers\Pages->index()
#6 D:\laragon\www\CI4SIKATAR\vendor\codeigniter4\framework\system\CodeIgniter.php(432): CodeIgniter\CodeIgniter->runController(Object(App\Controllers\Pages))
#7 D:\laragon\www\CI4SIKATAR\vendor\codeigniter4\framework\system\CodeIgniter.php(333): CodeIgniter\CodeIgniter->handleRequest(NULL, Object(Config\Cache), false)
#8 D:\laragon\www\CI4SIKATAR\public\index.php(44): CodeIgniter\CodeIgniter->run()
#9 D:\laragon\www\CI4SIKATAR\vendor\codeigniter4\framework\system\Commands\Server\rewrite.php(45): require_once('D:\\laragon\\www\\...')
#10 {main}
