CRITICAL - 2021-04-12 02:40:21 --> Undefined variable: user
#0 C:\laragon\www\CI4SISFORDES-KB\app\Views\administrator\admuser.php(15): CodeIgniter\Debug\Exceptions->errorHandler(8, 'Undefined varia...', 'C:\\laragon\\www\\...', 15, Array)
#1 C:\laragon\www\CI4SISFORDES-KB\vendor\codeigniter4\framework\system\View\View.php(220): include('C:\\laragon\\www\\...')
#2 C:\laragon\www\CI4SISFORDES-KB\vendor\codeigniter4\framework\system\View\View.php(222): CodeIgniter\View\View->CodeIgniter\View\{closure}()
#3 C:\laragon\www\CI4SISFORDES-KB\vendor\codeigniter4\framework\system\Common.php(1217): CodeIgniter\View\View->render('administrator/a...', Array, true)
#4 C:\laragon\www\CI4SISFORDES-KB\app\Controllers\Administrator.php(547): view('administrator/a...')
#5 C:\laragon\www\CI4SISFORDES-KB\vendor\codeigniter4\framework\system\CodeIgniter.php(936): App\Controllers\Administrator->user()
#6 C:\laragon\www\CI4SISFORDES-KB\vendor\codeigniter4\framework\system\CodeIgniter.php(432): CodeIgniter\CodeIgniter->runController(Object(App\Controllers\Administrator))
#7 C:\laragon\www\CI4SISFORDES-KB\vendor\codeigniter4\framework\system\CodeIgniter.php(333): CodeIgniter\CodeIgniter->handleRequest(NULL, Object(Config\Cache), false)
#8 C:\laragon\www\CI4SISFORDES-KB\public\index.php(44): CodeIgniter\CodeIgniter->run()
#9 C:\laragon\www\CI4SISFORDES-KB\vendor\codeigniter4\framework\system\Commands\Server\rewrite.php(45): require_once('C:\\laragon\\www\\...')
#10 {main}
CRITICAL - 2021-04-12 02:41:05 --> Undefined variable: user
#0 C:\laragon\www\CI4SISFORDES-KB\app\Views\administrator\admuser.php(15): CodeIgniter\Debug\Exceptions->errorHandler(8, 'Undefined varia...', 'C:\\laragon\\www\\...', 15, Array)
#1 C:\laragon\www\CI4SISFORDES-KB\vendor\codeigniter4\framework\system\View\View.php(220): include('C:\\laragon\\www\\...')
#2 C:\laragon\www\CI4SISFORDES-KB\vendor\codeigniter4\framework\system\View\View.php(222): CodeIgniter\View\View->CodeIgniter\View\{closure}()
#3 C:\laragon\www\CI4SISFORDES-KB\vendor\codeigniter4\framework\system\Common.php(1217): CodeIgniter\View\View->render('administrator/a...', Array, true)
#4 C:\laragon\www\CI4SISFORDES-KB\app\Controllers\Administrator.php(547): view('administrator/a...')
#5 C:\laragon\www\CI4SISFORDES-KB\vendor\codeigniter4\framework\system\CodeIgniter.php(936): App\Controllers\Administrator->user()
#6 C:\laragon\www\CI4SISFORDES-KB\vendor\codeigniter4\framework\system\CodeIgniter.php(432): CodeIgniter\CodeIgniter->runController(Object(App\Controllers\Administrator))
#7 C:\laragon\www\CI4SISFORDES-KB\vendor\codeigniter4\framework\system\CodeIgniter.php(333): CodeIgniter\CodeIgniter->handleRequest(NULL, Object(Config\Cache), false)
#8 C:\laragon\www\CI4SISFORDES-KB\public\index.php(44): CodeIgniter\CodeIgniter->run()
#9 C:\laragon\www\CI4SISFORDES-KB\vendor\codeigniter4\framework\system\Commands\Server\rewrite.php(45): require_once('C:\\laragon\\www\\...')
#10 {main}
CRITICAL - 2021-04-12 02:41:47 --> Undefined variable: user
#0 C:\laragon\www\CI4SISFORDES-KB\app\Views\administrator\admuser.php(8): CodeIgniter\Debug\Exceptions->errorHandler(8, 'Undefined varia...', 'C:\\laragon\\www\\...', 8, Array)
#1 C:\laragon\www\CI4SISFORDES-KB\vendor\codeigniter4\framework\system\View\View.php(220): include('C:\\laragon\\www\\...')
#2 C:\laragon\www\CI4SISFORDES-KB\vendor\codeigniter4\framework\system\View\View.php(222): CodeIgniter\View\View->CodeIgniter\View\{closure}()
#3 C:\laragon\www\CI4SISFORDES-KB\vendor\codeigniter4\framework\system\Common.php(1217): CodeIgniter\View\View->render('administrator/a...', Array, true)
#4 C:\laragon\www\CI4SISFORDES-KB\app\Controllers\Administrator.php(547): view('administrator/a...')
#5 C:\laragon\www\CI4SISFORDES-KB\vendor\codeigniter4\framework\system\CodeIgniter.php(936): App\Controllers\Administrator->user()
#6 C:\laragon\www\CI4SISFORDES-KB\vendor\codeigniter4\framework\system\CodeIgniter.php(432): CodeIgniter\CodeIgniter->runController(Object(App\Controllers\Administrator))
#7 C:\laragon\www\CI4SISFORDES-KB\vendor\codeigniter4\framework\system\CodeIgniter.php(333): CodeIgniter\CodeIgniter->handleRequest(NULL, Object(Config\Cache), false)
#8 C:\laragon\www\CI4SISFORDES-KB\public\index.php(44): CodeIgniter\CodeIgniter->run()
#9 C:\laragon\www\CI4SISFORDES-KB\vendor\codeigniter4\framework\system\Commands\Server\rewrite.php(45): require_once('C:\\laragon\\www\\...')
#10 {main}
CRITICAL - 2021-04-12 02:42:01 --> Undefined variable: user
#0 C:\laragon\www\CI4SISFORDES-KB\app\Views\administrator\admuser.php(8): CodeIgniter\Debug\Exceptions->errorHandler(8, 'Undefined varia...', 'C:\\laragon\\www\\...', 8, Array)
#1 C:\laragon\www\CI4SISFORDES-KB\vendor\codeigniter4\framework\system\View\View.php(220): include('C:\\laragon\\www\\...')
#2 C:\laragon\www\CI4SISFORDES-KB\vendor\codeigniter4\framework\system\View\View.php(222): CodeIgniter\View\View->CodeIgniter\View\{closure}()
#3 C:\laragon\www\CI4SISFORDES-KB\vendor\codeigniter4\framework\system\Common.php(1217): CodeIgniter\View\View->render('administrator/a...', Array, true)
#4 C:\laragon\www\CI4SISFORDES-KB\app\Controllers\Administrator.php(547): view('administrator/a...')
#5 C:\laragon\www\CI4SISFORDES-KB\vendor\codeigniter4\framework\system\CodeIgniter.php(936): App\Controllers\Administrator->user()
#6 C:\laragon\www\CI4SISFORDES-KB\vendor\codeigniter4\framework\system\CodeIgniter.php(432): CodeIgniter\CodeIgniter->runController(Object(App\Controllers\Administrator))
#7 C:\laragon\www\CI4SISFORDES-KB\vendor\codeigniter4\framework\system\CodeIgniter.php(333): CodeIgniter\CodeIgniter->handleRequest(NULL, Object(Config\Cache), false)
#8 C:\laragon\www\CI4SISFORDES-KB\public\index.php(44): CodeIgniter\CodeIgniter->run()
#9 C:\laragon\www\CI4SISFORDES-KB\vendor\codeigniter4\framework\system\Commands\Server\rewrite.php(45): require_once('C:\\laragon\\www\\...')
#10 {main}
CRITICAL - 2021-04-12 02:43:11 --> Undefined variable: id
#0 C:\laragon\www\CI4SISFORDES-KB\app\Controllers\Administrator.php(553): CodeIgniter\Debug\Exceptions->errorHandler(8, 'Undefined varia...', 'C:\\laragon\\www\\...', 553, Array)
#1 C:\laragon\www\CI4SISFORDES-KB\vendor\codeigniter4\framework\system\CodeIgniter.php(936): App\Controllers\Administrator->user()
#2 C:\laragon\www\CI4SISFORDES-KB\vendor\codeigniter4\framework\system\CodeIgniter.php(432): CodeIgniter\CodeIgniter->runController(Object(App\Controllers\Administrator))
#3 C:\laragon\www\CI4SISFORDES-KB\vendor\codeigniter4\framework\system\CodeIgniter.php(333): CodeIgniter\CodeIgniter->handleRequest(NULL, Object(Config\Cache), false)
#4 C:\laragon\www\CI4SISFORDES-KB\public\index.php(44): CodeIgniter\CodeIgniter->run()
#5 C:\laragon\www\CI4SISFORDES-KB\vendor\codeigniter4\framework\system\Commands\Server\rewrite.php(45): require_once('C:\\laragon\\www\\...')
#6 {main}
CRITICAL - 2021-04-12 02:43:26 --> You do not have sufficient permissions to access that page.
#0 C:\laragon\www\CI4SISFORDES-KB\vendor\codeigniter4\framework\system\Filters\Filters.php(181): Myth\Auth\Filters\RoleFilter->before(Object(CodeIgniter\HTTP\IncomingRequest), Array)
#1 C:\laragon\www\CI4SISFORDES-KB\vendor\codeigniter4\framework\system\CodeIgniter.php(403): CodeIgniter\Filters\Filters->run('administrator', 'before')
#2 C:\laragon\www\CI4SISFORDES-KB\vendor\codeigniter4\framework\system\CodeIgniter.php(333): CodeIgniter\CodeIgniter->handleRequest(NULL, Object(Config\Cache), false)
#3 C:\laragon\www\CI4SISFORDES-KB\public\index.php(44): CodeIgniter\CodeIgniter->run()
#4 C:\laragon\www\CI4SISFORDES-KB\vendor\codeigniter4\framework\system\Commands\Server\rewrite.php(45): require_once('C:\\laragon\\www\\...')
#5 {main}
CRITICAL - 2021-04-12 02:43:34 --> You do not have sufficient permissions to access that page.
#0 C:\laragon\www\CI4SISFORDES-KB\vendor\codeigniter4\framework\system\Filters\Filters.php(181): Myth\Auth\Filters\RoleFilter->before(Object(CodeIgniter\HTTP\IncomingRequest), Array)
#1 C:\laragon\www\CI4SISFORDES-KB\vendor\codeigniter4\framework\system\CodeIgniter.php(403): CodeIgniter\Filters\Filters->run('administrator', 'before')
#2 C:\laragon\www\CI4SISFORDES-KB\vendor\codeigniter4\framework\system\CodeIgniter.php(333): CodeIgniter\CodeIgniter->handleRequest(NULL, Object(Config\Cache), false)
#3 C:\laragon\www\CI4SISFORDES-KB\public\index.php(44): CodeIgniter\CodeIgniter->run()
#4 C:\laragon\www\CI4SISFORDES-KB\vendor\codeigniter4\framework\system\Commands\Server\rewrite.php(45): require_once('C:\\laragon\\www\\...')
#5 {main}
CRITICAL - 2021-04-12 02:43:37 --> Trying to get property 'user_image' of non-object
#0 C:\laragon\www\CI4SISFORDES-KB\app\Views\administrator\admuser.php(8): CodeIgniter\Debug\Exceptions->errorHandler(8, 'Trying to get p...', 'C:\\laragon\\www\\...', 8, Array)
#1 C:\laragon\www\CI4SISFORDES-KB\vendor\codeigniter4\framework\system\View\View.php(220): include('C:\\laragon\\www\\...')
#2 C:\laragon\www\CI4SISFORDES-KB\vendor\codeigniter4\framework\system\View\View.php(222): CodeIgniter\View\View->CodeIgniter\View\{closure}()
#3 C:\laragon\www\CI4SISFORDES-KB\vendor\codeigniter4\framework\system\Common.php(1217): CodeIgniter\View\View->render('administrator/a...', Array, true)
#4 C:\laragon\www\CI4SISFORDES-KB\app\Controllers\Administrator.php(560): view('administrator/a...')
#5 C:\laragon\www\CI4SISFORDES-KB\vendor\codeigniter4\framework\system\CodeIgniter.php(936): App\Controllers\Administrator->user()
#6 C:\laragon\www\CI4SISFORDES-KB\vendor\codeigniter4\framework\system\CodeIgniter.php(432): CodeIgniter\CodeIgniter->runController(Object(App\Controllers\Administrator))
#7 C:\laragon\www\CI4SISFORDES-KB\vendor\codeigniter4\framework\system\CodeIgniter.php(333): CodeIgniter\CodeIgniter->handleRequest(NULL, Object(Config\Cache), false)
#8 C:\laragon\www\CI4SISFORDES-KB\public\index.php(44): CodeIgniter\CodeIgniter->run()
#9 C:\laragon\www\CI4SISFORDES-KB\vendor\codeigniter4\framework\system\Commands\Server\rewrite.php(45): require_once('C:\\laragon\\www\\...')
#10 {main}
CRITICAL - 2021-04-12 02:43:38 --> Trying to get property 'user_image' of non-object
#0 C:\laragon\www\CI4SISFORDES-KB\app\Views\administrator\admuser.php(8): CodeIgniter\Debug\Exceptions->errorHandler(8, 'Trying to get p...', 'C:\\laragon\\www\\...', 8, Array)
#1 C:\laragon\www\CI4SISFORDES-KB\vendor\codeigniter4\framework\system\View\View.php(220): include('C:\\laragon\\www\\...')
#2 C:\laragon\www\CI4SISFORDES-KB\vendor\codeigniter4\framework\system\View\View.php(222): CodeIgniter\View\View->CodeIgniter\View\{closure}()
#3 C:\laragon\www\CI4SISFORDES-KB\vendor\codeigniter4\framework\system\Common.php(1217): CodeIgniter\View\View->render('administrator/a...', Array, true)
#4 C:\laragon\www\CI4SISFORDES-KB\app\Controllers\Administrator.php(560): view('administrator/a...')
#5 C:\laragon\www\CI4SISFORDES-KB\vendor\codeigniter4\framework\system\CodeIgniter.php(936): App\Controllers\Administrator->user()
#6 C:\laragon\www\CI4SISFORDES-KB\vendor\codeigniter4\framework\system\CodeIgniter.php(432): CodeIgniter\CodeIgniter->runController(Object(App\Controllers\Administrator))
#7 C:\laragon\www\CI4SISFORDES-KB\vendor\codeigniter4\framework\system\CodeIgniter.php(333): CodeIgniter\CodeIgniter->handleRequest(NULL, Object(Config\Cache), false)
#8 C:\laragon\www\CI4SISFORDES-KB\public\index.php(44): CodeIgniter\CodeIgniter->run()
#9 C:\laragon\www\CI4SISFORDES-KB\vendor\codeigniter4\framework\system\Commands\Server\rewrite.php(45): require_once('C:\\laragon\\www\\...')
#10 {main}
CRITICAL - 2021-04-12 02:43:59 --> You do not have sufficient permissions to access that page.
#0 C:\laragon\www\CI4SISFORDES-KB\vendor\codeigniter4\framework\system\Filters\Filters.php(181): Myth\Auth\Filters\RoleFilter->before(Object(CodeIgniter\HTTP\IncomingRequest), Array)
#1 C:\laragon\www\CI4SISFORDES-KB\vendor\codeigniter4\framework\system\CodeIgniter.php(403): CodeIgniter\Filters\Filters->run('administrator', 'before')
#2 C:\laragon\www\CI4SISFORDES-KB\vendor\codeigniter4\framework\system\CodeIgniter.php(333): CodeIgniter\CodeIgniter->handleRequest(NULL, Object(Config\Cache), false)
#3 C:\laragon\www\CI4SISFORDES-KB\public\index.php(44): CodeIgniter\CodeIgniter->run()
#4 C:\laragon\www\CI4SISFORDES-KB\vendor\codeigniter4\framework\system\Commands\Server\rewrite.php(45): require_once('C:\\laragon\\www\\...')
#5 {main}
CRITICAL - 2021-04-12 02:44:04 --> You do not have sufficient permissions to access that page.
#0 C:\laragon\www\CI4SISFORDES-KB\vendor\codeigniter4\framework\system\Filters\Filters.php(181): Myth\Auth\Filters\RoleFilter->before(Object(CodeIgniter\HTTP\IncomingRequest), Array)
#1 C:\laragon\www\CI4SISFORDES-KB\vendor\codeigniter4\framework\system\CodeIgniter.php(403): CodeIgniter\Filters\Filters->run('administrator', 'before')
#2 C:\laragon\www\CI4SISFORDES-KB\vendor\codeigniter4\framework\system\CodeIgniter.php(333): CodeIgniter\CodeIgniter->handleRequest(NULL, Object(Config\Cache), false)
#3 C:\laragon\www\CI4SISFORDES-KB\public\index.php(44): CodeIgniter\CodeIgniter->run()
#4 C:\laragon\www\CI4SISFORDES-KB\vendor\codeigniter4\framework\system\Commands\Server\rewrite.php(45): require_once('C:\\laragon\\www\\...')
#5 {main}
CRITICAL - 2021-04-12 02:44:12 --> You do not have sufficient permissions to access that page.
#0 C:\laragon\www\CI4SISFORDES-KB\vendor\codeigniter4\framework\system\Filters\Filters.php(181): Myth\Auth\Filters\RoleFilter->before(Object(CodeIgniter\HTTP\IncomingRequest), Array)
#1 C:\laragon\www\CI4SISFORDES-KB\vendor\codeigniter4\framework\system\CodeIgniter.php(403): CodeIgniter\Filters\Filters->run('administrator', 'before')
#2 C:\laragon\www\CI4SISFORDES-KB\vendor\codeigniter4\framework\system\CodeIgniter.php(333): CodeIgniter\CodeIgniter->handleRequest(NULL, Object(Config\Cache), false)
#3 C:\laragon\www\CI4SISFORDES-KB\public\index.php(44): CodeIgniter\CodeIgniter->run()
#4 C:\laragon\www\CI4SISFORDES-KB\vendor\codeigniter4\framework\system\Commands\Server\rewrite.php(45): require_once('C:\\laragon\\www\\...')
#5 {main}
CRITICAL - 2021-04-12 02:44:14 --> Trying to get property 'user_image' of non-object
#0 C:\laragon\www\CI4SISFORDES-KB\app\Views\administrator\admuser.php(8): CodeIgniter\Debug\Exceptions->errorHandler(8, 'Trying to get p...', 'C:\\laragon\\www\\...', 8, Array)
#1 C:\laragon\www\CI4SISFORDES-KB\vendor\codeigniter4\framework\system\View\View.php(220): include('C:\\laragon\\www\\...')
#2 C:\laragon\www\CI4SISFORDES-KB\vendor\codeigniter4\framework\system\View\View.php(222): CodeIgniter\View\View->CodeIgniter\View\{closure}()
#3 C:\laragon\www\CI4SISFORDES-KB\vendor\codeigniter4\framework\system\Common.php(1217): CodeIgniter\View\View->render('administrator/a...', Array, true)
#4 C:\laragon\www\CI4SISFORDES-KB\app\Controllers\Administrator.php(559): view('administrator/a...')
#5 C:\laragon\www\CI4SISFORDES-KB\vendor\codeigniter4\framework\system\CodeIgniter.php(936): App\Controllers\Administrator->user()
#6 C:\laragon\www\CI4SISFORDES-KB\vendor\codeigniter4\framework\system\CodeIgniter.php(432): CodeIgniter\CodeIgniter->runController(Object(App\Controllers\Administrator))
#7 C:\laragon\www\CI4SISFORDES-KB\vendor\codeigniter4\framework\system\CodeIgniter.php(333): CodeIgniter\CodeIgniter->handleRequest(NULL, Object(Config\Cache), false)
#8 C:\laragon\www\CI4SISFORDES-KB\public\index.php(44): CodeIgniter\CodeIgniter->run()
#9 C:\laragon\www\CI4SISFORDES-KB\vendor\codeigniter4\framework\system\Commands\Server\rewrite.php(45): require_once('C:\\laragon\\www\\...')
#10 {main}
CRITICAL - 2021-04-12 02:45:16 --> Trying to get property 'user_image' of non-object
#0 C:\laragon\www\CI4SISFORDES-KB\app\Views\administrator\admuser.php(8): CodeIgniter\Debug\Exceptions->errorHandler(8, 'Trying to get p...', 'C:\\laragon\\www\\...', 8, Array)
#1 C:\laragon\www\CI4SISFORDES-KB\vendor\codeigniter4\framework\system\View\View.php(220): include('C:\\laragon\\www\\...')
#2 C:\laragon\www\CI4SISFORDES-KB\vendor\codeigniter4\framework\system\View\View.php(222): CodeIgniter\View\View->CodeIgniter\View\{closure}()
#3 C:\laragon\www\CI4SISFORDES-KB\vendor\codeigniter4\framework\system\Common.php(1217): CodeIgniter\View\View->render('administrator/a...', Array, true)
#4 C:\laragon\www\CI4SISFORDES-KB\app\Controllers\Administrator.php(559): view('administrator/a...')
#5 C:\laragon\www\CI4SISFORDES-KB\vendor\codeigniter4\framework\system\CodeIgniter.php(936): App\Controllers\Administrator->user()
#6 C:\laragon\www\CI4SISFORDES-KB\vendor\codeigniter4\framework\system\CodeIgniter.php(432): CodeIgniter\CodeIgniter->runController(Object(App\Controllers\Administrator))
#7 C:\laragon\www\CI4SISFORDES-KB\vendor\codeigniter4\framework\system\CodeIgniter.php(333): CodeIgniter\CodeIgniter->handleRequest(NULL, Object(Config\Cache), false)
#8 C:\laragon\www\CI4SISFORDES-KB\public\index.php(44): CodeIgniter\CodeIgniter->run()
#9 C:\laragon\www\CI4SISFORDES-KB\vendor\codeigniter4\framework\system\Commands\Server\rewrite.php(45): require_once('C:\\laragon\\www\\...')
#10 {main}
CRITICAL - 2021-04-12 02:52:18 --> Trying to get property 'fullname' of non-object
#0 C:\laragon\www\CI4SISFORDES-KB\app\Views\administrator\admuser.php(20): CodeIgniter\Debug\Exceptions->errorHandler(8, 'Trying to get p...', 'C:\\laragon\\www\\...', 20, Array)
#1 C:\laragon\www\CI4SISFORDES-KB\vendor\codeigniter4\framework\system\View\View.php(220): include('C:\\laragon\\www\\...')
#2 C:\laragon\www\CI4SISFORDES-KB\vendor\codeigniter4\framework\system\View\View.php(222): CodeIgniter\View\View->CodeIgniter\View\{closure}()
#3 C:\laragon\www\CI4SISFORDES-KB\vendor\codeigniter4\framework\system\Common.php(1217): CodeIgniter\View\View->render('administrator/a...', Array, true)
#4 C:\laragon\www\CI4SISFORDES-KB\app\Controllers\Administrator.php(558): view('administrator/a...')
#5 C:\laragon\www\CI4SISFORDES-KB\vendor\codeigniter4\framework\system\CodeIgniter.php(936): App\Controllers\Administrator->user()
#6 C:\laragon\www\CI4SISFORDES-KB\vendor\codeigniter4\framework\system\CodeIgniter.php(432): CodeIgniter\CodeIgniter->runController(Object(App\Controllers\Administrator))
#7 C:\laragon\www\CI4SISFORDES-KB\vendor\codeigniter4\framework\system\CodeIgniter.php(333): CodeIgniter\CodeIgniter->handleRequest(NULL, Object(Config\Cache), false)
#8 C:\laragon\www\CI4SISFORDES-KB\public\index.php(44): CodeIgniter\CodeIgniter->run()
#9 C:\laragon\www\CI4SISFORDES-KB\vendor\codeigniter4\framework\system\Commands\Server\rewrite.php(45): require_once('C:\\laragon\\www\\...')
#10 {main}
CRITICAL - 2021-04-12 02:52:32 --> Trying to get property 'fullname' of non-object
#0 C:\laragon\www\CI4SISFORDES-KB\app\Views\administrator\admuser.php(20): CodeIgniter\Debug\Exceptions->errorHandler(8, 'Trying to get p...', 'C:\\laragon\\www\\...', 20, Array)
#1 C:\laragon\www\CI4SISFORDES-KB\vendor\codeigniter4\framework\system\View\View.php(220): include('C:\\laragon\\www\\...')
#2 C:\laragon\www\CI4SISFORDES-KB\vendor\codeigniter4\framework\system\View\View.php(222): CodeIgniter\View\View->CodeIgniter\View\{closure}()
#3 C:\laragon\www\CI4SISFORDES-KB\vendor\codeigniter4\framework\system\Common.php(1217): CodeIgniter\View\View->render('administrator/a...', Array, true)
#4 C:\laragon\www\CI4SISFORDES-KB\app\Controllers\Administrator.php(558): view('administrator/a...')
#5 C:\laragon\www\CI4SISFORDES-KB\vendor\codeigniter4\framework\system\CodeIgniter.php(936): App\Controllers\Administrator->user()
#6 C:\laragon\www\CI4SISFORDES-KB\vendor\codeigniter4\framework\system\CodeIgniter.php(432): CodeIgniter\CodeIgniter->runController(Object(App\Controllers\Administrator))
#7 C:\laragon\www\CI4SISFORDES-KB\vendor\codeigniter4\framework\system\CodeIgniter.php(333): CodeIgniter\CodeIgniter->handleRequest(NULL, Object(Config\Cache), false)
#8 C:\laragon\www\CI4SISFORDES-KB\public\index.php(44): CodeIgniter\CodeIgniter->run()
#9 C:\laragon\www\CI4SISFORDES-KB\vendor\codeigniter4\framework\system\Commands\Server\rewrite.php(45): require_once('C:\\laragon\\www\\...')
#10 {main}
CRITICAL - 2021-04-12 02:53:04 --> Trying to get property 'name' of non-object
#0 C:\laragon\www\CI4SISFORDES-KB\app\Views\administrator\admuser.php(21): CodeIgniter\Debug\Exceptions->errorHandler(8, 'Trying to get p...', 'C:\\laragon\\www\\...', 21, Array)
#1 C:\laragon\www\CI4SISFORDES-KB\vendor\codeigniter4\framework\system\View\View.php(220): include('C:\\laragon\\www\\...')
#2 C:\laragon\www\CI4SISFORDES-KB\vendor\codeigniter4\framework\system\View\View.php(222): CodeIgniter\View\View->CodeIgniter\View\{closure}()
#3 C:\laragon\www\CI4SISFORDES-KB\vendor\codeigniter4\framework\system\Common.php(1217): CodeIgniter\View\View->render('administrator/a...', Array, true)
#4 C:\laragon\www\CI4SISFORDES-KB\app\Controllers\Administrator.php(558): view('administrator/a...')
#5 C:\laragon\www\CI4SISFORDES-KB\vendor\codeigniter4\framework\system\CodeIgniter.php(936): App\Controllers\Administrator->user()
#6 C:\laragon\www\CI4SISFORDES-KB\vendor\codeigniter4\framework\system\CodeIgniter.php(432): CodeIgniter\CodeIgniter->runController(Object(App\Controllers\Administrator))
#7 C:\laragon\www\CI4SISFORDES-KB\vendor\codeigniter4\framework\system\CodeIgniter.php(333): CodeIgniter\CodeIgniter->handleRequest(NULL, Object(Config\Cache), false)
#8 C:\laragon\www\CI4SISFORDES-KB\public\index.php(44): CodeIgniter\CodeIgniter->run()
#9 C:\laragon\www\CI4SISFORDES-KB\vendor\codeigniter4\framework\system\Commands\Server\rewrite.php(45): require_once('C:\\laragon\\www\\...')
#10 {main}
CRITICAL - 2021-04-12 03:09:58 --> Undefined variable: user
#0 C:\laragon\www\CI4SISFORDES-KB\app\Views\administrator\admuserlist_ubah.php(5): CodeIgniter\Debug\Exceptions->errorHandler(8, 'Undefined varia...', 'C:\\laragon\\www\\...', 5, Array)
#1 C:\laragon\www\CI4SISFORDES-KB\vendor\codeigniter4\framework\system\View\View.php(220): include('C:\\laragon\\www\\...')
#2 C:\laragon\www\CI4SISFORDES-KB\vendor\codeigniter4\framework\system\View\View.php(222): CodeIgniter\View\View->CodeIgniter\View\{closure}()
#3 C:\laragon\www\CI4SISFORDES-KB\vendor\codeigniter4\framework\system\Common.php(1217): CodeIgniter\View\View->render('administrator/a...', Array, true)
#4 C:\laragon\www\CI4SISFORDES-KB\app\Controllers\Administrator.php(623): view('administrator/a...')
#5 C:\laragon\www\CI4SISFORDES-KB\vendor\codeigniter4\framework\system\CodeIgniter.php(936): App\Controllers\Administrator->ubahuserlist('6')
#6 C:\laragon\www\CI4SISFORDES-KB\vendor\codeigniter4\framework\system\CodeIgniter.php(432): CodeIgniter\CodeIgniter->runController(Object(App\Controllers\Administrator))
#7 C:\laragon\www\CI4SISFORDES-KB\vendor\codeigniter4\framework\system\CodeIgniter.php(333): CodeIgniter\CodeIgniter->handleRequest(NULL, Object(Config\Cache), false)
#8 C:\laragon\www\CI4SISFORDES-KB\public\index.php(44): CodeIgniter\CodeIgniter->run()
#9 C:\laragon\www\CI4SISFORDES-KB\vendor\codeigniter4\framework\system\Commands\Server\rewrite.php(45): require_once('C:\\laragon\\www\\...')
#10 {main}
CRITICAL - 2021-04-12 03:10:29 --> Undefined variable: user
#0 C:\laragon\www\CI4SISFORDES-KB\app\Views\administrator\admuserlist_ubah.php(5): CodeIgniter\Debug\Exceptions->errorHandler(8, 'Undefined varia...', 'C:\\laragon\\www\\...', 5, Array)
#1 C:\laragon\www\CI4SISFORDES-KB\vendor\codeigniter4\framework\system\View\View.php(220): include('C:\\laragon\\www\\...')
#2 C:\laragon\www\CI4SISFORDES-KB\vendor\codeigniter4\framework\system\View\View.php(222): CodeIgniter\View\View->CodeIgniter\View\{closure}()
#3 C:\laragon\www\CI4SISFORDES-KB\vendor\codeigniter4\framework\system\Common.php(1217): CodeIgniter\View\View->render('administrator/a...', Array, true)
#4 C:\laragon\www\CI4SISFORDES-KB\app\Controllers\Administrator.php(623): view('administrator/a...')
#5 C:\laragon\www\CI4SISFORDES-KB\vendor\codeigniter4\framework\system\CodeIgniter.php(936): App\Controllers\Administrator->ubahuserlist('6')
#6 C:\laragon\www\CI4SISFORDES-KB\vendor\codeigniter4\framework\system\CodeIgniter.php(432): CodeIgniter\CodeIgniter->runController(Object(App\Controllers\Administrator))
#7 C:\laragon\www\CI4SISFORDES-KB\vendor\codeigniter4\framework\system\CodeIgniter.php(333): CodeIgniter\CodeIgniter->handleRequest(NULL, Object(Config\Cache), false)
#8 C:\laragon\www\CI4SISFORDES-KB\public\index.php(44): CodeIgniter\CodeIgniter->run()
#9 C:\laragon\www\CI4SISFORDES-KB\vendor\codeigniter4\framework\system\Commands\Server\rewrite.php(45): require_once('C:\\laragon\\www\\...')
#10 {main}
CRITICAL - 2021-04-12 03:10:34 --> Undefined variable: user
#0 C:\laragon\www\CI4SISFORDES-KB\app\Views\administrator\admuserlist_ubah.php(5): CodeIgniter\Debug\Exceptions->errorHandler(8, 'Undefined varia...', 'C:\\laragon\\www\\...', 5, Array)
#1 C:\laragon\www\CI4SISFORDES-KB\vendor\codeigniter4\framework\system\View\View.php(220): include('C:\\laragon\\www\\...')
#2 C:\laragon\www\CI4SISFORDES-KB\vendor\codeigniter4\framework\system\View\View.php(222): CodeIgniter\View\View->CodeIgniter\View\{closure}()
#3 C:\laragon\www\CI4SISFORDES-KB\vendor\codeigniter4\framework\system\Common.php(1217): CodeIgniter\View\View->render('administrator/a...', Array, true)
#4 C:\laragon\www\CI4SISFORDES-KB\app\Controllers\Administrator.php(623): view('administrator/a...')
#5 C:\laragon\www\CI4SISFORDES-KB\vendor\codeigniter4\framework\system\CodeIgniter.php(936): App\Controllers\Administrator->ubahuserlist('6')
#6 C:\laragon\www\CI4SISFORDES-KB\vendor\codeigniter4\framework\system\CodeIgniter.php(432): CodeIgniter\CodeIgniter->runController(Object(App\Controllers\Administrator))
#7 C:\laragon\www\CI4SISFORDES-KB\vendor\codeigniter4\framework\system\CodeIgniter.php(333): CodeIgniter\CodeIgniter->handleRequest(NULL, Object(Config\Cache), false)
#8 C:\laragon\www\CI4SISFORDES-KB\public\index.php(44): CodeIgniter\CodeIgniter->run()
#9 C:\laragon\www\CI4SISFORDES-KB\vendor\codeigniter4\framework\system\Commands\Server\rewrite.php(45): require_once('C:\\laragon\\www\\...')
#10 {main}
CRITICAL - 2021-04-12 03:10:54 --> Undefined variable: id
#0 C:\laragon\www\CI4SISFORDES-KB\app\Controllers\Administrator.php(622): CodeIgniter\Debug\Exceptions->errorHandler(8, 'Undefined varia...', 'C:\\laragon\\www\\...', 622, Array)
#1 C:\laragon\www\CI4SISFORDES-KB\vendor\codeigniter4\framework\system\CodeIgniter.php(936): App\Controllers\Administrator->ubahuserlist('6')
#2 C:\laragon\www\CI4SISFORDES-KB\vendor\codeigniter4\framework\system\CodeIgniter.php(432): CodeIgniter\CodeIgniter->runController(Object(App\Controllers\Administrator))
#3 C:\laragon\www\CI4SISFORDES-KB\vendor\codeigniter4\framework\system\CodeIgniter.php(333): CodeIgniter\CodeIgniter->handleRequest(NULL, Object(Config\Cache), false)
#4 C:\laragon\www\CI4SISFORDES-KB\public\index.php(44): CodeIgniter\CodeIgniter->run()
#5 C:\laragon\www\CI4SISFORDES-KB\vendor\codeigniter4\framework\system\Commands\Server\rewrite.php(45): require_once('C:\\laragon\\www\\...')
#6 {main}
CRITICAL - 2021-04-12 03:11:06 --> Undefined variable: user
#0 C:\laragon\www\CI4SISFORDES-KB\app\Views\administrator\admuserlist_ubah.php(5): CodeIgniter\Debug\Exceptions->errorHandler(8, 'Undefined varia...', 'C:\\laragon\\www\\...', 5, Array)
#1 C:\laragon\www\CI4SISFORDES-KB\vendor\codeigniter4\framework\system\View\View.php(220): include('C:\\laragon\\www\\...')
#2 C:\laragon\www\CI4SISFORDES-KB\vendor\codeigniter4\framework\system\View\View.php(222): CodeIgniter\View\View->CodeIgniter\View\{closure}()
#3 C:\laragon\www\CI4SISFORDES-KB\vendor\codeigniter4\framework\system\Common.php(1217): CodeIgniter\View\View->render('administrator/a...', Array, true)
#4 C:\laragon\www\CI4SISFORDES-KB\app\Controllers\Administrator.php(632): view('administrator/a...')
#5 C:\laragon\www\CI4SISFORDES-KB\vendor\codeigniter4\framework\system\CodeIgniter.php(936): App\Controllers\Administrator->ubahuserlist('6')
#6 C:\laragon\www\CI4SISFORDES-KB\vendor\codeigniter4\framework\system\CodeIgniter.php(432): CodeIgniter\CodeIgniter->runController(Object(App\Controllers\Administrator))
#7 C:\laragon\www\CI4SISFORDES-KB\vendor\codeigniter4\framework\system\CodeIgniter.php(333): CodeIgniter\CodeIgniter->handleRequest(NULL, Object(Config\Cache), false)
#8 C:\laragon\www\CI4SISFORDES-KB\public\index.php(44): CodeIgniter\CodeIgniter->run()
#9 C:\laragon\www\CI4SISFORDES-KB\vendor\codeigniter4\framework\system\Commands\Server\rewrite.php(45): require_once('C:\\laragon\\www\\...')
#10 {main}
CRITICAL - 2021-04-12 03:15:34 --> Undefined variable: user
#0 C:\laragon\www\CI4SISFORDES-KB\app\Views\administrator\admuserlist_ubah.php(5): CodeIgniter\Debug\Exceptions->errorHandler(8, 'Undefined varia...', 'C:\\laragon\\www\\...', 5, Array)
#1 C:\laragon\www\CI4SISFORDES-KB\vendor\codeigniter4\framework\system\View\View.php(220): include('C:\\laragon\\www\\...')
#2 C:\laragon\www\CI4SISFORDES-KB\vendor\codeigniter4\framework\system\View\View.php(222): CodeIgniter\View\View->CodeIgniter\View\{closure}()
#3 C:\laragon\www\CI4SISFORDES-KB\vendor\codeigniter4\framework\system\Common.php(1217): CodeIgniter\View\View->render('administrator/a...', Array, true)
#4 C:\laragon\www\CI4SISFORDES-KB\app\Controllers\Administrator.php(632): view('administrator/a...')
#5 C:\laragon\www\CI4SISFORDES-KB\vendor\codeigniter4\framework\system\CodeIgniter.php(936): App\Controllers\Administrator->ubahuserlist('7')
#6 C:\laragon\www\CI4SISFORDES-KB\vendor\codeigniter4\framework\system\CodeIgniter.php(432): CodeIgniter\CodeIgniter->runController(Object(App\Controllers\Administrator))
#7 C:\laragon\www\CI4SISFORDES-KB\vendor\codeigniter4\framework\system\CodeIgniter.php(333): CodeIgniter\CodeIgniter->handleRequest(NULL, Object(Config\Cache), false)
#8 C:\laragon\www\CI4SISFORDES-KB\public\index.php(44): CodeIgniter\CodeIgniter->run()
#9 C:\laragon\www\CI4SISFORDES-KB\vendor\codeigniter4\framework\system\Commands\Server\rewrite.php(45): require_once('C:\\laragon\\www\\...')
#10 {main}
CRITICAL - 2021-04-12 03:25:25 --> Cannot declare class App\Models\UsersModel, because the name is already in use
#0 [internal function]: CodeIgniter\Debug\Exceptions->shutdownHandler()
#1 {main}
CRITICAL - 2021-04-12 03:26:47 --> Undefined variable: user
#0 C:\laragon\www\CI4SISFORDES-KB\app\Views\administrator\admuserlist_ubah.php(5): CodeIgniter\Debug\Exceptions->errorHandler(8, 'Undefined varia...', 'C:\\laragon\\www\\...', 5, Array)
#1 C:\laragon\www\CI4SISFORDES-KB\vendor\codeigniter4\framework\system\View\View.php(220): include('C:\\laragon\\www\\...')
#2 C:\laragon\www\CI4SISFORDES-KB\vendor\codeigniter4\framework\system\View\View.php(222): CodeIgniter\View\View->CodeIgniter\View\{closure}()
#3 C:\laragon\www\CI4SISFORDES-KB\vendor\codeigniter4\framework\system\Common.php(1217): CodeIgniter\View\View->render('administrator/a...', Array, true)
#4 C:\laragon\www\CI4SISFORDES-KB\app\Controllers\Administrator.php(635): view('administrator/a...')
#5 C:\laragon\www\CI4SISFORDES-KB\vendor\codeigniter4\framework\system\CodeIgniter.php(936): App\Controllers\Administrator->ubahuserlist('7')
#6 C:\laragon\www\CI4SISFORDES-KB\vendor\codeigniter4\framework\system\CodeIgniter.php(432): CodeIgniter\CodeIgniter->runController(Object(App\Controllers\Administrator))
#7 C:\laragon\www\CI4SISFORDES-KB\vendor\codeigniter4\framework\system\CodeIgniter.php(333): CodeIgniter\CodeIgniter->handleRequest(NULL, Object(Config\Cache), false)
#8 C:\laragon\www\CI4SISFORDES-KB\public\index.php(44): CodeIgniter\CodeIgniter->run()
#9 C:\laragon\www\CI4SISFORDES-KB\vendor\codeigniter4\framework\system\Commands\Server\rewrite.php(45): require_once('C:\\laragon\\www\\...')
#10 {main}
CRITICAL - 2021-04-12 03:28:32 --> Undefined variable: userlist
#0 C:\laragon\www\CI4SISFORDES-KB\app\Views\administrator\admuserlist_ubah.php(5): CodeIgniter\Debug\Exceptions->errorHandler(8, 'Undefined varia...', 'C:\\laragon\\www\\...', 5, Array)
#1 C:\laragon\www\CI4SISFORDES-KB\vendor\codeigniter4\framework\system\View\View.php(220): include('C:\\laragon\\www\\...')
#2 C:\laragon\www\CI4SISFORDES-KB\vendor\codeigniter4\framework\system\View\View.php(222): CodeIgniter\View\View->CodeIgniter\View\{closure}()
#3 C:\laragon\www\CI4SISFORDES-KB\vendor\codeigniter4\framework\system\Common.php(1217): CodeIgniter\View\View->render('administrator/a...', Array, true)
#4 C:\laragon\www\CI4SISFORDES-KB\app\Controllers\Administrator.php(635): view('administrator/a...')
#5 C:\laragon\www\CI4SISFORDES-KB\vendor\codeigniter4\framework\system\CodeIgniter.php(936): App\Controllers\Administrator->ubahuserlist('7')
#6 C:\laragon\www\CI4SISFORDES-KB\vendor\codeigniter4\framework\system\CodeIgniter.php(432): CodeIgniter\CodeIgniter->runController(Object(App\Controllers\Administrator))
#7 C:\laragon\www\CI4SISFORDES-KB\vendor\codeigniter4\framework\system\CodeIgniter.php(333): CodeIgniter\CodeIgniter->handleRequest(NULL, Object(Config\Cache), false)
#8 C:\laragon\www\CI4SISFORDES-KB\public\index.php(44): CodeIgniter\CodeIgniter->run()
#9 C:\laragon\www\CI4SISFORDES-KB\vendor\codeigniter4\framework\system\Commands\Server\rewrite.php(45): require_once('C:\\laragon\\www\\...')
#10 {main}
CRITICAL - 2021-04-12 03:29:46 --> Undefined variable: userlist
#0 C:\laragon\www\CI4SISFORDES-KB\app\Views\administrator\admuserlist_ubah.php(5): CodeIgniter\Debug\Exceptions->errorHandler(8, 'Undefined varia...', 'C:\\laragon\\www\\...', 5, Array)
#1 C:\laragon\www\CI4SISFORDES-KB\vendor\codeigniter4\framework\system\View\View.php(220): include('C:\\laragon\\www\\...')
#2 C:\laragon\www\CI4SISFORDES-KB\vendor\codeigniter4\framework\system\View\View.php(222): CodeIgniter\View\View->CodeIgniter\View\{closure}()
#3 C:\laragon\www\CI4SISFORDES-KB\vendor\codeigniter4\framework\system\Common.php(1217): CodeIgniter\View\View->render('administrator/a...', Array, true)
#4 C:\laragon\www\CI4SISFORDES-KB\app\Controllers\Administrator.php(635): view('administrator/a...')
#5 C:\laragon\www\CI4SISFORDES-KB\vendor\codeigniter4\framework\system\CodeIgniter.php(936): App\Controllers\Administrator->ubahuserlist('7')
#6 C:\laragon\www\CI4SISFORDES-KB\vendor\codeigniter4\framework\system\CodeIgniter.php(432): CodeIgniter\CodeIgniter->runController(Object(App\Controllers\Administrator))
#7 C:\laragon\www\CI4SISFORDES-KB\vendor\codeigniter4\framework\system\CodeIgniter.php(333): CodeIgniter\CodeIgniter->handleRequest(NULL, Object(Config\Cache), false)
#8 C:\laragon\www\CI4SISFORDES-KB\public\index.php(44): CodeIgniter\CodeIgniter->run()
#9 C:\laragon\www\CI4SISFORDES-KB\vendor\codeigniter4\framework\system\Commands\Server\rewrite.php(45): require_once('C:\\laragon\\www\\...')
#10 {main}
CRITICAL - 2021-04-12 03:30:31 --> Undefined variable: user
#0 C:\laragon\www\CI4SISFORDES-KB\app\Views\administrator\admuserlist_ubah.php(5): CodeIgniter\Debug\Exceptions->errorHandler(8, 'Undefined varia...', 'C:\\laragon\\www\\...', 5, Array)
#1 C:\laragon\www\CI4SISFORDES-KB\vendor\codeigniter4\framework\system\View\View.php(220): include('C:\\laragon\\www\\...')
#2 C:\laragon\www\CI4SISFORDES-KB\vendor\codeigniter4\framework\system\View\View.php(222): CodeIgniter\View\View->CodeIgniter\View\{closure}()
#3 C:\laragon\www\CI4SISFORDES-KB\vendor\codeigniter4\framework\system\Common.php(1217): CodeIgniter\View\View->render('administrator/a...', Array, true)
#4 C:\laragon\www\CI4SISFORDES-KB\app\Controllers\Administrator.php(635): view('administrator/a...')
#5 C:\laragon\www\CI4SISFORDES-KB\vendor\codeigniter4\framework\system\CodeIgniter.php(936): App\Controllers\Administrator->ubahuserlist('7')
#6 C:\laragon\www\CI4SISFORDES-KB\vendor\codeigniter4\framework\system\CodeIgniter.php(432): CodeIgniter\CodeIgniter->runController(Object(App\Controllers\Administrator))
#7 C:\laragon\www\CI4SISFORDES-KB\vendor\codeigniter4\framework\system\CodeIgniter.php(333): CodeIgniter\CodeIgniter->handleRequest(NULL, Object(Config\Cache), false)
#8 C:\laragon\www\CI4SISFORDES-KB\public\index.php(44): CodeIgniter\CodeIgniter->run()
#9 C:\laragon\www\CI4SISFORDES-KB\vendor\codeigniter4\framework\system\Commands\Server\rewrite.php(45): require_once('C:\\laragon\\www\\...')
#10 {main}
CRITICAL - 2021-04-12 03:30:41 --> Undefined variable: users
#0 C:\laragon\www\CI4SISFORDES-KB\app\Views\administrator\admuserlist_ubah.php(5): CodeIgniter\Debug\Exceptions->errorHandler(8, 'Undefined varia...', 'C:\\laragon\\www\\...', 5, Array)
#1 C:\laragon\www\CI4SISFORDES-KB\vendor\codeigniter4\framework\system\View\View.php(220): include('C:\\laragon\\www\\...')
#2 C:\laragon\www\CI4SISFORDES-KB\vendor\codeigniter4\framework\system\View\View.php(222): CodeIgniter\View\View->CodeIgniter\View\{closure}()
#3 C:\laragon\www\CI4SISFORDES-KB\vendor\codeigniter4\framework\system\Common.php(1217): CodeIgniter\View\View->render('administrator/a...', Array, true)
#4 C:\laragon\www\CI4SISFORDES-KB\app\Controllers\Administrator.php(635): view('administrator/a...')
#5 C:\laragon\www\CI4SISFORDES-KB\vendor\codeigniter4\framework\system\CodeIgniter.php(936): App\Controllers\Administrator->ubahuserlist('7')
#6 C:\laragon\www\CI4SISFORDES-KB\vendor\codeigniter4\framework\system\CodeIgniter.php(432): CodeIgniter\CodeIgniter->runController(Object(App\Controllers\Administrator))
#7 C:\laragon\www\CI4SISFORDES-KB\vendor\codeigniter4\framework\system\CodeIgniter.php(333): CodeIgniter\CodeIgniter->handleRequest(NULL, Object(Config\Cache), false)
#8 C:\laragon\www\CI4SISFORDES-KB\public\index.php(44): CodeIgniter\CodeIgniter->run()
#9 C:\laragon\www\CI4SISFORDES-KB\vendor\codeigniter4\framework\system\Commands\Server\rewrite.php(45): require_once('C:\\laragon\\www\\...')
#10 {main}
CRITICAL - 2021-04-12 03:30:44 --> Undefined variable: user
#0 C:\laragon\www\CI4SISFORDES-KB\app\Views\administrator\admuserlist_ubah.php(5): CodeIgniter\Debug\Exceptions->errorHandler(8, 'Undefined varia...', 'C:\\laragon\\www\\...', 5, Array)
#1 C:\laragon\www\CI4SISFORDES-KB\vendor\codeigniter4\framework\system\View\View.php(220): include('C:\\laragon\\www\\...')
#2 C:\laragon\www\CI4SISFORDES-KB\vendor\codeigniter4\framework\system\View\View.php(222): CodeIgniter\View\View->CodeIgniter\View\{closure}()
#3 C:\laragon\www\CI4SISFORDES-KB\vendor\codeigniter4\framework\system\Common.php(1217): CodeIgniter\View\View->render('administrator/a...', Array, true)
#4 C:\laragon\www\CI4SISFORDES-KB\app\Controllers\Administrator.php(635): view('administrator/a...')
#5 C:\laragon\www\CI4SISFORDES-KB\vendor\codeigniter4\framework\system\CodeIgniter.php(936): App\Controllers\Administrator->ubahuserlist('7')
#6 C:\laragon\www\CI4SISFORDES-KB\vendor\codeigniter4\framework\system\CodeIgniter.php(432): CodeIgniter\CodeIgniter->runController(Object(App\Controllers\Administrator))
#7 C:\laragon\www\CI4SISFORDES-KB\vendor\codeigniter4\framework\system\CodeIgniter.php(333): CodeIgniter\CodeIgniter->handleRequest(NULL, Object(Config\Cache), false)
#8 C:\laragon\www\CI4SISFORDES-KB\public\index.php(44): CodeIgniter\CodeIgniter->run()
#9 C:\laragon\www\CI4SISFORDES-KB\vendor\codeigniter4\framework\system\Commands\Server\rewrite.php(45): require_once('C:\\laragon\\www\\...')
#10 {main}
CRITICAL - 2021-04-12 03:33:49 --> Undefined variable: user
#0 C:\laragon\www\CI4SISFORDES-KB\app\Views\administrator\admuserlist_ubah.php(5): CodeIgniter\Debug\Exceptions->errorHandler(8, 'Undefined varia...', 'C:\\laragon\\www\\...', 5, Array)
#1 C:\laragon\www\CI4SISFORDES-KB\vendor\codeigniter4\framework\system\View\View.php(220): include('C:\\laragon\\www\\...')
#2 C:\laragon\www\CI4SISFORDES-KB\vendor\codeigniter4\framework\system\View\View.php(222): CodeIgniter\View\View->CodeIgniter\View\{closure}()
#3 C:\laragon\www\CI4SISFORDES-KB\vendor\codeigniter4\framework\system\Common.php(1217): CodeIgniter\View\View->render('administrator/a...', Array, true)
#4 C:\laragon\www\CI4SISFORDES-KB\app\Controllers\Administrator.php(635): view('administrator/a...')
#5 C:\laragon\www\CI4SISFORDES-KB\vendor\codeigniter4\framework\system\CodeIgniter.php(936): App\Controllers\Administrator->ubahuserlist('7')
#6 C:\laragon\www\CI4SISFORDES-KB\vendor\codeigniter4\framework\system\CodeIgniter.php(432): CodeIgniter\CodeIgniter->runController(Object(App\Controllers\Administrator))
#7 C:\laragon\www\CI4SISFORDES-KB\vendor\codeigniter4\framework\system\CodeIgniter.php(333): CodeIgniter\CodeIgniter->handleRequest(NULL, Object(Config\Cache), false)
#8 C:\laragon\www\CI4SISFORDES-KB\public\index.php(44): CodeIgniter\CodeIgniter->run()
#9 C:\laragon\www\CI4SISFORDES-KB\vendor\codeigniter4\framework\system\Commands\Server\rewrite.php(45): require_once('C:\\laragon\\www\\...')
#10 {main}
CRITICAL - 2021-04-12 03:35:49 --> Undefined variable: user
#0 C:\laragon\www\CI4SISFORDES-KB\app\Views\administrator\admuserlist_ubah.php(5): CodeIgniter\Debug\Exceptions->errorHandler(8, 'Undefined varia...', 'C:\\laragon\\www\\...', 5, Array)
#1 C:\laragon\www\CI4SISFORDES-KB\vendor\codeigniter4\framework\system\View\View.php(220): include('C:\\laragon\\www\\...')
#2 C:\laragon\www\CI4SISFORDES-KB\vendor\codeigniter4\framework\system\View\View.php(222): CodeIgniter\View\View->CodeIgniter\View\{closure}()
#3 C:\laragon\www\CI4SISFORDES-KB\vendor\codeigniter4\framework\system\Common.php(1217): CodeIgniter\View\View->render('administrator/a...', Array, true)
#4 C:\laragon\www\CI4SISFORDES-KB\app\Controllers\Administrator.php(635): view('administrator/a...')
#5 C:\laragon\www\CI4SISFORDES-KB\vendor\codeigniter4\framework\system\CodeIgniter.php(936): App\Controllers\Administrator->ubahuserlist('7')
#6 C:\laragon\www\CI4SISFORDES-KB\vendor\codeigniter4\framework\system\CodeIgniter.php(432): CodeIgniter\CodeIgniter->runController(Object(App\Controllers\Administrator))
#7 C:\laragon\www\CI4SISFORDES-KB\vendor\codeigniter4\framework\system\CodeIgniter.php(333): CodeIgniter\CodeIgniter->handleRequest(NULL, Object(Config\Cache), false)
#8 C:\laragon\www\CI4SISFORDES-KB\public\index.php(44): CodeIgniter\CodeIgniter->run()
#9 C:\laragon\www\CI4SISFORDES-KB\vendor\codeigniter4\framework\system\Commands\Server\rewrite.php(45): require_once('C:\\laragon\\www\\...')
#10 {main}
CRITICAL - 2021-04-12 03:38:37 --> Cannot declare class Myth\Auth\Models\UserModel, because the name is already in use
#0 [internal function]: CodeIgniter\Debug\Exceptions->shutdownHandler()
#1 {main}
CRITICAL - 2021-04-12 03:38:51 --> Cannot declare class Myth\Auth\Models\UsersModel, because the name is already in use
#0 [internal function]: CodeIgniter\Debug\Exceptions->shutdownHandler()
#1 {main}
CRITICAL - 2021-04-12 03:39:20 --> Undefined variable: user
#0 C:\laragon\www\CI4SISFORDES-KB\app\Views\administrator\admuserlist_ubah.php(5): CodeIgniter\Debug\Exceptions->errorHandler(8, 'Undefined varia...', 'C:\\laragon\\www\\...', 5, Array)
#1 C:\laragon\www\CI4SISFORDES-KB\vendor\codeigniter4\framework\system\View\View.php(220): include('C:\\laragon\\www\\...')
#2 C:\laragon\www\CI4SISFORDES-KB\vendor\codeigniter4\framework\system\View\View.php(222): CodeIgniter\View\View->CodeIgniter\View\{closure}()
#3 C:\laragon\www\CI4SISFORDES-KB\vendor\codeigniter4\framework\system\Common.php(1217): CodeIgniter\View\View->render('administrator/a...', Array, true)
#4 C:\laragon\www\CI4SISFORDES-KB\app\Controllers\Administrator.php(637): view('administrator/a...')
#5 C:\laragon\www\CI4SISFORDES-KB\vendor\codeigniter4\framework\system\CodeIgniter.php(936): App\Controllers\Administrator->ubahuserlist('7')
#6 C:\laragon\www\CI4SISFORDES-KB\vendor\codeigniter4\framework\system\CodeIgniter.php(432): CodeIgniter\CodeIgniter->runController(Object(App\Controllers\Administrator))
#7 C:\laragon\www\CI4SISFORDES-KB\vendor\codeigniter4\framework\system\CodeIgniter.php(333): CodeIgniter\CodeIgniter->handleRequest(NULL, Object(Config\Cache), false)
#8 C:\laragon\www\CI4SISFORDES-KB\public\index.php(44): CodeIgniter\CodeIgniter->run()
#9 C:\laragon\www\CI4SISFORDES-KB\vendor\codeigniter4\framework\system\Commands\Server\rewrite.php(45): require_once('C:\\laragon\\www\\...')
#10 {main}
CRITICAL - 2021-04-12 03:42:17 --> Undefined variable: user
#0 C:\laragon\www\CI4SISFORDES-KB\app\Views\administrator\admuserlist_ubah.php(5): CodeIgniter\Debug\Exceptions->errorHandler(8, 'Undefined varia...', 'C:\\laragon\\www\\...', 5, Array)
#1 C:\laragon\www\CI4SISFORDES-KB\vendor\codeigniter4\framework\system\View\View.php(220): include('C:\\laragon\\www\\...')
#2 C:\laragon\www\CI4SISFORDES-KB\vendor\codeigniter4\framework\system\View\View.php(222): CodeIgniter\View\View->CodeIgniter\View\{closure}()
#3 C:\laragon\www\CI4SISFORDES-KB\vendor\codeigniter4\framework\system\Common.php(1217): CodeIgniter\View\View->render('administrator/a...', Array, true)
#4 C:\laragon\www\CI4SISFORDES-KB\app\Controllers\Administrator.php(637): view('administrator/a...')
#5 C:\laragon\www\CI4SISFORDES-KB\vendor\codeigniter4\framework\system\CodeIgniter.php(936): App\Controllers\Administrator->ubahuserlist('7')
#6 C:\laragon\www\CI4SISFORDES-KB\vendor\codeigniter4\framework\system\CodeIgniter.php(432): CodeIgniter\CodeIgniter->runController(Object(App\Controllers\Administrator))
#7 C:\laragon\www\CI4SISFORDES-KB\vendor\codeigniter4\framework\system\CodeIgniter.php(333): CodeIgniter\CodeIgniter->handleRequest(NULL, Object(Config\Cache), false)
#8 C:\laragon\www\CI4SISFORDES-KB\public\index.php(44): CodeIgniter\CodeIgniter->run()
#9 C:\laragon\www\CI4SISFORDES-KB\vendor\codeigniter4\framework\system\Commands\Server\rewrite.php(45): require_once('C:\\laragon\\www\\...')
#10 {main}
CRITICAL - 2021-04-12 03:46:03 --> Undefined variable: user
#0 C:\laragon\www\CI4SISFORDES-KB\app\Views\administrator\admuserlist_ubah.php(8): CodeIgniter\Debug\Exceptions->errorHandler(8, 'Undefined varia...', 'C:\\laragon\\www\\...', 8, Array)
#1 C:\laragon\www\CI4SISFORDES-KB\vendor\codeigniter4\framework\system\View\View.php(220): include('C:\\laragon\\www\\...')
#2 C:\laragon\www\CI4SISFORDES-KB\vendor\codeigniter4\framework\system\View\View.php(222): CodeIgniter\View\View->CodeIgniter\View\{closure}()
#3 C:\laragon\www\CI4SISFORDES-KB\vendor\codeigniter4\framework\system\Common.php(1217): CodeIgniter\View\View->render('administrator/a...', Array, true)
#4 C:\laragon\www\CI4SISFORDES-KB\app\Controllers\Administrator.php(637): view('administrator/a...')
#5 C:\laragon\www\CI4SISFORDES-KB\vendor\codeigniter4\framework\system\CodeIgniter.php(936): App\Controllers\Administrator->ubahuserlist('7')
#6 C:\laragon\www\CI4SISFORDES-KB\vendor\codeigniter4\framework\system\CodeIgniter.php(432): CodeIgniter\CodeIgniter->runController(Object(App\Controllers\Administrator))
#7 C:\laragon\www\CI4SISFORDES-KB\vendor\codeigniter4\framework\system\CodeIgniter.php(333): CodeIgniter\CodeIgniter->handleRequest(NULL, Object(Config\Cache), false)
#8 C:\laragon\www\CI4SISFORDES-KB\public\index.php(44): CodeIgniter\CodeIgniter->run()
#9 C:\laragon\www\CI4SISFORDES-KB\vendor\codeigniter4\framework\system\Commands\Server\rewrite.php(45): require_once('C:\\laragon\\www\\...')
#10 {main}
CRITICAL - 2021-04-12 03:46:15 --> Undefined variable: user
#0 C:\laragon\www\CI4SISFORDES-KB\app\Views\administrator\admuserlist_ubah.php(12): CodeIgniter\Debug\Exceptions->errorHandler(8, 'Undefined varia...', 'C:\\laragon\\www\\...', 12, Array)
#1 C:\laragon\www\CI4SISFORDES-KB\vendor\codeigniter4\framework\system\View\View.php(220): include('C:\\laragon\\www\\...')
#2 C:\laragon\www\CI4SISFORDES-KB\vendor\codeigniter4\framework\system\View\View.php(222): CodeIgniter\View\View->CodeIgniter\View\{closure}()
#3 C:\laragon\www\CI4SISFORDES-KB\vendor\codeigniter4\framework\system\Common.php(1217): CodeIgniter\View\View->render('administrator/a...', Array, true)
#4 C:\laragon\www\CI4SISFORDES-KB\app\Controllers\Administrator.php(637): view('administrator/a...')
#5 C:\laragon\www\CI4SISFORDES-KB\vendor\codeigniter4\framework\system\CodeIgniter.php(936): App\Controllers\Administrator->ubahuserlist('7')
#6 C:\laragon\www\CI4SISFORDES-KB\vendor\codeigniter4\framework\system\CodeIgniter.php(432): CodeIgniter\CodeIgniter->runController(Object(App\Controllers\Administrator))
#7 C:\laragon\www\CI4SISFORDES-KB\vendor\codeigniter4\framework\system\CodeIgniter.php(333): CodeIgniter\CodeIgniter->handleRequest(NULL, Object(Config\Cache), false)
#8 C:\laragon\www\CI4SISFORDES-KB\public\index.php(44): CodeIgniter\CodeIgniter->run()
#9 C:\laragon\www\CI4SISFORDES-KB\vendor\codeigniter4\framework\system\Commands\Server\rewrite.php(45): require_once('C:\\laragon\\www\\...')
#10 {main}
CRITICAL - 2021-04-12 03:48:21 --> Undefined variable: user
#0 C:\laragon\www\CI4SISFORDES-KB\app\Views\administrator\admuserlist_ubah.php(12): CodeIgniter\Debug\Exceptions->errorHandler(8, 'Undefined varia...', 'C:\\laragon\\www\\...', 12, Array)
#1 C:\laragon\www\CI4SISFORDES-KB\vendor\codeigniter4\framework\system\View\View.php(220): include('C:\\laragon\\www\\...')
#2 C:\laragon\www\CI4SISFORDES-KB\vendor\codeigniter4\framework\system\View\View.php(222): CodeIgniter\View\View->CodeIgniter\View\{closure}()
#3 C:\laragon\www\CI4SISFORDES-KB\vendor\codeigniter4\framework\system\Common.php(1217): CodeIgniter\View\View->render('administrator/a...', Array, true)
#4 C:\laragon\www\CI4SISFORDES-KB\app\Controllers\Administrator.php(637): view('administrator/a...')
#5 C:\laragon\www\CI4SISFORDES-KB\vendor\codeigniter4\framework\system\CodeIgniter.php(936): App\Controllers\Administrator->ubahuserlist('7')
#6 C:\laragon\www\CI4SISFORDES-KB\vendor\codeigniter4\framework\system\CodeIgniter.php(432): CodeIgniter\CodeIgniter->runController(Object(App\Controllers\Administrator))
#7 C:\laragon\www\CI4SISFORDES-KB\vendor\codeigniter4\framework\system\CodeIgniter.php(333): CodeIgniter\CodeIgniter->handleRequest(NULL, Object(Config\Cache), false)
#8 C:\laragon\www\CI4SISFORDES-KB\public\index.php(44): CodeIgniter\CodeIgniter->run()
#9 C:\laragon\www\CI4SISFORDES-KB\vendor\codeigniter4\framework\system\Commands\Server\rewrite.php(45): require_once('C:\\laragon\\www\\...')
#10 {main}
CRITICAL - 2021-04-12 03:52:07 --> Undefined variable: userlist
#0 C:\laragon\www\CI4SISFORDES-KB\app\Views\administrator\admuserlist_detail.php(25): CodeIgniter\Debug\Exceptions->errorHandler(8, 'Undefined varia...', 'C:\\laragon\\www\\...', 25, Array)
#1 C:\laragon\www\CI4SISFORDES-KB\vendor\codeigniter4\framework\system\View\View.php(220): include('C:\\laragon\\www\\...')
#2 C:\laragon\www\CI4SISFORDES-KB\vendor\codeigniter4\framework\system\View\View.php(222): CodeIgniter\View\View->CodeIgniter\View\{closure}()
#3 C:\laragon\www\CI4SISFORDES-KB\vendor\codeigniter4\framework\system\Common.php(1217): CodeIgniter\View\View->render('administrator/a...', Array, true)
#4 C:\laragon\www\CI4SISFORDES-KB\app\Controllers\Administrator.php(615): view('administrator/a...')
#5 C:\laragon\www\CI4SISFORDES-KB\vendor\codeigniter4\framework\system\CodeIgniter.php(936): App\Controllers\Administrator->detailuserlist('7')
#6 C:\laragon\www\CI4SISFORDES-KB\vendor\codeigniter4\framework\system\CodeIgniter.php(432): CodeIgniter\CodeIgniter->runController(Object(App\Controllers\Administrator))
#7 C:\laragon\www\CI4SISFORDES-KB\vendor\codeigniter4\framework\system\CodeIgniter.php(333): CodeIgniter\CodeIgniter->handleRequest(NULL, Object(Config\Cache), false)
#8 C:\laragon\www\CI4SISFORDES-KB\public\index.php(44): CodeIgniter\CodeIgniter->run()
#9 C:\laragon\www\CI4SISFORDES-KB\vendor\codeigniter4\framework\system\Commands\Server\rewrite.php(45): require_once('C:\\laragon\\www\\...')
#10 {main}
CRITICAL - 2021-04-12 03:54:29 --> Too few arguments to function App\Controllers\Administrator::hapususerlist(), 0 passed in C:\laragon\www\CI4SISFORDES-KB\vendor\codeigniter4\framework\system\CodeIgniter.php on line 936 and exactly 1 expected
#0 C:\laragon\www\CI4SISFORDES-KB\vendor\codeigniter4\framework\system\CodeIgniter.php(936): App\Controllers\Administrator->hapususerlist()
#1 C:\laragon\www\CI4SISFORDES-KB\vendor\codeigniter4\framework\system\CodeIgniter.php(432): CodeIgniter\CodeIgniter->runController(Object(App\Controllers\Administrator))
#2 C:\laragon\www\CI4SISFORDES-KB\vendor\codeigniter4\framework\system\CodeIgniter.php(333): CodeIgniter\CodeIgniter->handleRequest(NULL, Object(Config\Cache), false)
#3 C:\laragon\www\CI4SISFORDES-KB\public\index.php(44): CodeIgniter\CodeIgniter->run()
#4 C:\laragon\www\CI4SISFORDES-KB\vendor\codeigniter4\framework\system\Commands\Server\rewrite.php(45): require_once('C:\\laragon\\www\\...')
#5 {main}
CRITICAL - 2021-04-12 03:56:39 --> Undefined property: stdClass::$id
#0 C:\laragon\www\CI4SISFORDES-KB\app\Views\administrator\admuserlist_detail.php(25): CodeIgniter\Debug\Exceptions->errorHandler(8, 'Undefined prope...', 'C:\\laragon\\www\\...', 25, Array)
#1 C:\laragon\www\CI4SISFORDES-KB\vendor\codeigniter4\framework\system\View\View.php(220): include('C:\\laragon\\www\\...')
#2 C:\laragon\www\CI4SISFORDES-KB\vendor\codeigniter4\framework\system\View\View.php(222): CodeIgniter\View\View->CodeIgniter\View\{closure}()
#3 C:\laragon\www\CI4SISFORDES-KB\vendor\codeigniter4\framework\system\Common.php(1217): CodeIgniter\View\View->render('administrator/a...', Array, true)
#4 C:\laragon\www\CI4SISFORDES-KB\app\Controllers\Administrator.php(615): view('administrator/a...')
#5 C:\laragon\www\CI4SISFORDES-KB\vendor\codeigniter4\framework\system\CodeIgniter.php(936): App\Controllers\Administrator->detailuserlist('7')
#6 C:\laragon\www\CI4SISFORDES-KB\vendor\codeigniter4\framework\system\CodeIgniter.php(432): CodeIgniter\CodeIgniter->runController(Object(App\Controllers\Administrator))
#7 C:\laragon\www\CI4SISFORDES-KB\vendor\codeigniter4\framework\system\CodeIgniter.php(333): CodeIgniter\CodeIgniter->handleRequest(NULL, Object(Config\Cache), false)
#8 C:\laragon\www\CI4SISFORDES-KB\public\index.php(44): CodeIgniter\CodeIgniter->run()
#9 C:\laragon\www\CI4SISFORDES-KB\vendor\codeigniter4\framework\system\Commands\Server\rewrite.php(45): require_once('C:\\laragon\\www\\...')
#10 {main}
CRITICAL - 2021-04-12 04:03:04 --> Undefined variable: userlist
#0 C:\laragon\www\CI4SISFORDES-KB\app\Views\administrator\admuserlist_detail.php(25): CodeIgniter\Debug\Exceptions->errorHandler(8, 'Undefined varia...', 'C:\\laragon\\www\\...', 25, Array)
#1 C:\laragon\www\CI4SISFORDES-KB\vendor\codeigniter4\framework\system\View\View.php(220): include('C:\\laragon\\www\\...')
#2 C:\laragon\www\CI4SISFORDES-KB\vendor\codeigniter4\framework\system\View\View.php(222): CodeIgniter\View\View->CodeIgniter\View\{closure}()
#3 C:\laragon\www\CI4SISFORDES-KB\vendor\codeigniter4\framework\system\Common.php(1217): CodeIgniter\View\View->render('administrator/a...', Array, true)
#4 C:\laragon\www\CI4SISFORDES-KB\app\Controllers\Administrator.php(615): view('administrator/a...')
#5 C:\laragon\www\CI4SISFORDES-KB\vendor\codeigniter4\framework\system\CodeIgniter.php(936): App\Controllers\Administrator->detailuserlist('7')
#6 C:\laragon\www\CI4SISFORDES-KB\vendor\codeigniter4\framework\system\CodeIgniter.php(432): CodeIgniter\CodeIgniter->runController(Object(App\Controllers\Administrator))
#7 C:\laragon\www\CI4SISFORDES-KB\vendor\codeigniter4\framework\system\CodeIgniter.php(333): CodeIgniter\CodeIgniter->handleRequest(NULL, Object(Config\Cache), false)
#8 C:\laragon\www\CI4SISFORDES-KB\public\index.php(44): CodeIgniter\CodeIgniter->run()
#9 C:\laragon\www\CI4SISFORDES-KB\vendor\codeigniter4\framework\system\Commands\Server\rewrite.php(45): require_once('C:\\laragon\\www\\...')
#10 {main}
CRITICAL - 2021-04-12 04:03:21 --> Undefined variable: users
#0 C:\laragon\www\CI4SISFORDES-KB\app\Views\administrator\admuserlist_detail.php(25): CodeIgniter\Debug\Exceptions->errorHandler(8, 'Undefined varia...', 'C:\\laragon\\www\\...', 25, Array)
#1 C:\laragon\www\CI4SISFORDES-KB\vendor\codeigniter4\framework\system\View\View.php(220): include('C:\\laragon\\www\\...')
#2 C:\laragon\www\CI4SISFORDES-KB\vendor\codeigniter4\framework\system\View\View.php(222): CodeIgniter\View\View->CodeIgniter\View\{closure}()
#3 C:\laragon\www\CI4SISFORDES-KB\vendor\codeigniter4\framework\system\Common.php(1217): CodeIgniter\View\View->render('administrator/a...', Array, true)
#4 C:\laragon\www\CI4SISFORDES-KB\app\Controllers\Administrator.php(615): view('administrator/a...')
#5 C:\laragon\www\CI4SISFORDES-KB\vendor\codeigniter4\framework\system\CodeIgniter.php(936): App\Controllers\Administrator->detailuserlist('7')
#6 C:\laragon\www\CI4SISFORDES-KB\vendor\codeigniter4\framework\system\CodeIgniter.php(432): CodeIgniter\CodeIgniter->runController(Object(App\Controllers\Administrator))
#7 C:\laragon\www\CI4SISFORDES-KB\vendor\codeigniter4\framework\system\CodeIgniter.php(333): CodeIgniter\CodeIgniter->handleRequest(NULL, Object(Config\Cache), false)
#8 C:\laragon\www\CI4SISFORDES-KB\public\index.php(44): CodeIgniter\CodeIgniter->run()
#9 C:\laragon\www\CI4SISFORDES-KB\vendor\codeigniter4\framework\system\Commands\Server\rewrite.php(45): require_once('C:\\laragon\\www\\...')
#10 {main}
CRITICAL - 2021-04-12 04:03:25 --> Cannot use object of type stdClass as array
#0 C:\laragon\www\CI4SISFORDES-KB\vendor\codeigniter4\framework\system\View\View.php(220): include()
#1 C:\laragon\www\CI4SISFORDES-KB\vendor\codeigniter4\framework\system\View\View.php(222): CodeIgniter\View\View->CodeIgniter\View\{closure}()
#2 C:\laragon\www\CI4SISFORDES-KB\vendor\codeigniter4\framework\system\Common.php(1217): CodeIgniter\View\View->render('administrator/a...', Array, true)
#3 C:\laragon\www\CI4SISFORDES-KB\app\Controllers\Administrator.php(615): view('administrator/a...')
#4 C:\laragon\www\CI4SISFORDES-KB\vendor\codeigniter4\framework\system\CodeIgniter.php(936): App\Controllers\Administrator->detailuserlist('7')
#5 C:\laragon\www\CI4SISFORDES-KB\vendor\codeigniter4\framework\system\CodeIgniter.php(432): CodeIgniter\CodeIgniter->runController(Object(App\Controllers\Administrator))
#6 C:\laragon\www\CI4SISFORDES-KB\vendor\codeigniter4\framework\system\CodeIgniter.php(333): CodeIgniter\CodeIgniter->handleRequest(NULL, Object(Config\Cache), false)
#7 C:\laragon\www\CI4SISFORDES-KB\public\index.php(44): CodeIgniter\CodeIgniter->run()
#8 C:\laragon\www\CI4SISFORDES-KB\vendor\codeigniter4\framework\system\Commands\Server\rewrite.php(45): require_once('C:\\laragon\\www\\...')
#9 {main}
CRITICAL - 2021-04-12 04:05:48 --> Undefined variable: userlist
#0 C:\laragon\www\CI4SISFORDES-KB\app\Views\administrator\admuserlist_detail.php(25): CodeIgniter\Debug\Exceptions->errorHandler(8, 'Undefined varia...', 'C:\\laragon\\www\\...', 25, Array)
#1 C:\laragon\www\CI4SISFORDES-KB\vendor\codeigniter4\framework\system\View\View.php(220): include('C:\\laragon\\www\\...')
#2 C:\laragon\www\CI4SISFORDES-KB\vendor\codeigniter4\framework\system\View\View.php(222): CodeIgniter\View\View->CodeIgniter\View\{closure}()
#3 C:\laragon\www\CI4SISFORDES-KB\vendor\codeigniter4\framework\system\Common.php(1217): CodeIgniter\View\View->render('administrator/a...', Array, true)
#4 C:\laragon\www\CI4SISFORDES-KB\app\Controllers\Administrator.php(615): view('administrator/a...')
#5 C:\laragon\www\CI4SISFORDES-KB\vendor\codeigniter4\framework\system\CodeIgniter.php(936): App\Controllers\Administrator->detailuserlist('7')
#6 C:\laragon\www\CI4SISFORDES-KB\vendor\codeigniter4\framework\system\CodeIgniter.php(432): CodeIgniter\CodeIgniter->runController(Object(App\Controllers\Administrator))
#7 C:\laragon\www\CI4SISFORDES-KB\vendor\codeigniter4\framework\system\CodeIgniter.php(333): CodeIgniter\CodeIgniter->handleRequest(NULL, Object(Config\Cache), false)
#8 C:\laragon\www\CI4SISFORDES-KB\public\index.php(44): CodeIgniter\CodeIgniter->run()
#9 C:\laragon\www\CI4SISFORDES-KB\vendor\codeigniter4\framework\system\Commands\Server\rewrite.php(45): require_once('C:\\laragon\\www\\...')
#10 {main}
CRITICAL - 2021-04-12 04:07:48 --> Too few arguments to function App\Controllers\Administrator::hapususerlist(), 0 passed in C:\laragon\www\CI4SISFORDES-KB\vendor\codeigniter4\framework\system\CodeIgniter.php on line 936 and exactly 1 expected
#0 C:\laragon\www\CI4SISFORDES-KB\vendor\codeigniter4\framework\system\CodeIgniter.php(936): App\Controllers\Administrator->hapususerlist()
#1 C:\laragon\www\CI4SISFORDES-KB\vendor\codeigniter4\framework\system\CodeIgniter.php(432): CodeIgniter\CodeIgniter->runController(Object(App\Controllers\Administrator))
#2 C:\laragon\www\CI4SISFORDES-KB\vendor\codeigniter4\framework\system\CodeIgniter.php(333): CodeIgniter\CodeIgniter->handleRequest(NULL, Object(Config\Cache), false)
#3 C:\laragon\www\CI4SISFORDES-KB\public\index.php(44): CodeIgniter\CodeIgniter->run()
#4 C:\laragon\www\CI4SISFORDES-KB\vendor\codeigniter4\framework\system\Commands\Server\rewrite.php(45): require_once('C:\\laragon\\www\\...')
#5 {main}
CRITICAL - 2021-04-12 04:09:28 --> Undefined variable: usersModel
#0 C:\laragon\www\CI4SISFORDES-KB\app\Views\administrator\admuserlist_detail.php(25): CodeIgniter\Debug\Exceptions->errorHandler(8, 'Undefined varia...', 'C:\\laragon\\www\\...', 25, Array)
#1 C:\laragon\www\CI4SISFORDES-KB\vendor\codeigniter4\framework\system\View\View.php(220): include('C:\\laragon\\www\\...')
#2 C:\laragon\www\CI4SISFORDES-KB\vendor\codeigniter4\framework\system\View\View.php(222): CodeIgniter\View\View->CodeIgniter\View\{closure}()
#3 C:\laragon\www\CI4SISFORDES-KB\vendor\codeigniter4\framework\system\Common.php(1217): CodeIgniter\View\View->render('administrator/a...', Array, true)
#4 C:\laragon\www\CI4SISFORDES-KB\app\Controllers\Administrator.php(615): view('administrator/a...')
#5 C:\laragon\www\CI4SISFORDES-KB\vendor\codeigniter4\framework\system\CodeIgniter.php(936): App\Controllers\Administrator->detailuserlist('7')
#6 C:\laragon\www\CI4SISFORDES-KB\vendor\codeigniter4\framework\system\CodeIgniter.php(432): CodeIgniter\CodeIgniter->runController(Object(App\Controllers\Administrator))
#7 C:\laragon\www\CI4SISFORDES-KB\vendor\codeigniter4\framework\system\CodeIgniter.php(333): CodeIgniter\CodeIgniter->handleRequest(NULL, Object(Config\Cache), false)
#8 C:\laragon\www\CI4SISFORDES-KB\public\index.php(44): CodeIgniter\CodeIgniter->run()
#9 C:\laragon\www\CI4SISFORDES-KB\vendor\codeigniter4\framework\system\Commands\Server\rewrite.php(45): require_once('C:\\laragon\\www\\...')
#10 {main}
CRITICAL - 2021-04-12 04:11:41 --> Cannot use object of type stdClass as array
#0 C:\laragon\www\CI4SISFORDES-KB\vendor\codeigniter4\framework\system\View\View.php(220): include()
#1 C:\laragon\www\CI4SISFORDES-KB\vendor\codeigniter4\framework\system\View\View.php(222): CodeIgniter\View\View->CodeIgniter\View\{closure}()
#2 C:\laragon\www\CI4SISFORDES-KB\vendor\codeigniter4\framework\system\Common.php(1217): CodeIgniter\View\View->render('administrator/a...', Array, true)
#3 C:\laragon\www\CI4SISFORDES-KB\app\Controllers\Administrator.php(615): view('administrator/a...')
#4 C:\laragon\www\CI4SISFORDES-KB\vendor\codeigniter4\framework\system\CodeIgniter.php(936): App\Controllers\Administrator->detailuserlist('7')
#5 C:\laragon\www\CI4SISFORDES-KB\vendor\codeigniter4\framework\system\CodeIgniter.php(432): CodeIgniter\CodeIgniter->runController(Object(App\Controllers\Administrator))
#6 C:\laragon\www\CI4SISFORDES-KB\vendor\codeigniter4\framework\system\CodeIgniter.php(333): CodeIgniter\CodeIgniter->handleRequest(NULL, Object(Config\Cache), false)
#7 C:\laragon\www\CI4SISFORDES-KB\public\index.php(44): CodeIgniter\CodeIgniter->run()
#8 C:\laragon\www\CI4SISFORDES-KB\vendor\codeigniter4\framework\system\Commands\Server\rewrite.php(45): require_once('C:\\laragon\\www\\...')
#9 {main}
CRITICAL - 2021-04-12 04:12:04 --> Cannot use object of type stdClass as array
#0 C:\laragon\www\CI4SISFORDES-KB\vendor\codeigniter4\framework\system\View\View.php(220): include()
#1 C:\laragon\www\CI4SISFORDES-KB\vendor\codeigniter4\framework\system\View\View.php(222): CodeIgniter\View\View->CodeIgniter\View\{closure}()
#2 C:\laragon\www\CI4SISFORDES-KB\vendor\codeigniter4\framework\system\Common.php(1217): CodeIgniter\View\View->render('administrator/a...', Array, true)
#3 C:\laragon\www\CI4SISFORDES-KB\app\Controllers\Administrator.php(615): view('administrator/a...')
#4 C:\laragon\www\CI4SISFORDES-KB\vendor\codeigniter4\framework\system\CodeIgniter.php(936): App\Controllers\Administrator->detailuserlist('7')
#5 C:\laragon\www\CI4SISFORDES-KB\vendor\codeigniter4\framework\system\CodeIgniter.php(432): CodeIgniter\CodeIgniter->runController(Object(App\Controllers\Administrator))
#6 C:\laragon\www\CI4SISFORDES-KB\vendor\codeigniter4\framework\system\CodeIgniter.php(333): CodeIgniter\CodeIgniter->handleRequest(NULL, Object(Config\Cache), false)
#7 C:\laragon\www\CI4SISFORDES-KB\public\index.php(44): CodeIgniter\CodeIgniter->run()
#8 C:\laragon\www\CI4SISFORDES-KB\vendor\codeigniter4\framework\system\Commands\Server\rewrite.php(45): require_once('C:\\laragon\\www\\...')
#9 {main}
CRITICAL - 2021-04-12 04:22:54 --> Undefined property: stdClass::$id
#0 C:\laragon\www\CI4SISFORDES-KB\app\Views\administrator\admuserlist_detail.php(25): CodeIgniter\Debug\Exceptions->errorHandler(8, 'Undefined prope...', 'C:\\laragon\\www\\...', 25, Array)
#1 C:\laragon\www\CI4SISFORDES-KB\vendor\codeigniter4\framework\system\View\View.php(220): include('C:\\laragon\\www\\...')
#2 C:\laragon\www\CI4SISFORDES-KB\vendor\codeigniter4\framework\system\View\View.php(222): CodeIgniter\View\View->CodeIgniter\View\{closure}()
#3 C:\laragon\www\CI4SISFORDES-KB\vendor\codeigniter4\framework\system\Common.php(1217): CodeIgniter\View\View->render('administrator/a...', Array, true)
#4 C:\laragon\www\CI4SISFORDES-KB\app\Controllers\Administrator.php(615): view('administrator/a...')
#5 C:\laragon\www\CI4SISFORDES-KB\vendor\codeigniter4\framework\system\CodeIgniter.php(936): App\Controllers\Administrator->detailuserlist('7')
#6 C:\laragon\www\CI4SISFORDES-KB\vendor\codeigniter4\framework\system\CodeIgniter.php(432): CodeIgniter\CodeIgniter->runController(Object(App\Controllers\Administrator))
#7 C:\laragon\www\CI4SISFORDES-KB\vendor\codeigniter4\framework\system\CodeIgniter.php(333): CodeIgniter\CodeIgniter->handleRequest(NULL, Object(Config\Cache), false)
#8 C:\laragon\www\CI4SISFORDES-KB\public\index.php(44): CodeIgniter\CodeIgniter->run()
#9 C:\laragon\www\CI4SISFORDES-KB\vendor\codeigniter4\framework\system\Commands\Server\rewrite.php(45): require_once('C:\\laragon\\www\\...')
#10 {main}
CRITICAL - 2021-04-12 04:25:22 --> Cannot use object of type stdClass as array
#0 C:\laragon\www\CI4SISFORDES-KB\vendor\codeigniter4\framework\system\View\View.php(220): include()
#1 C:\laragon\www\CI4SISFORDES-KB\vendor\codeigniter4\framework\system\View\View.php(222): CodeIgniter\View\View->CodeIgniter\View\{closure}()
#2 C:\laragon\www\CI4SISFORDES-KB\vendor\codeigniter4\framework\system\Common.php(1217): CodeIgniter\View\View->render('administrator/a...', Array, true)
#3 C:\laragon\www\CI4SISFORDES-KB\app\Controllers\Administrator.php(615): view('administrator/a...')
#4 C:\laragon\www\CI4SISFORDES-KB\vendor\codeigniter4\framework\system\CodeIgniter.php(936): App\Controllers\Administrator->detailuserlist('7')
#5 C:\laragon\www\CI4SISFORDES-KB\vendor\codeigniter4\framework\system\CodeIgniter.php(432): CodeIgniter\CodeIgniter->runController(Object(App\Controllers\Administrator))
#6 C:\laragon\www\CI4SISFORDES-KB\vendor\codeigniter4\framework\system\CodeIgniter.php(333): CodeIgniter\CodeIgniter->handleRequest(NULL, Object(Config\Cache), false)
#7 C:\laragon\www\CI4SISFORDES-KB\public\index.php(44): CodeIgniter\CodeIgniter->run()
#8 C:\laragon\www\CI4SISFORDES-KB\vendor\codeigniter4\framework\system\Commands\Server\rewrite.php(45): require_once('C:\\laragon\\www\\...')
#9 {main}
