CRITICAL - 2021-04-21 18:46:48 --> Undefined index: isiaspirasi
#0 C:\laragon\www\CI4SIKATAR\app\Views\administrator\admaspirasi.php(27): CodeIgniter\Debug\Exceptions->errorHandler(8, 'Undefined index...', 'C:\\laragon\\www\\...', 27, Array)
#1 C:\laragon\www\CI4SIKATAR\vendor\codeigniter4\framework\system\View\View.php(220): include('C:\\laragon\\www\\...')
#2 C:\laragon\www\CI4SIKATAR\vendor\codeigniter4\framework\system\View\View.php(222): CodeIgniter\View\View->CodeIgniter\View\{closure}()
#3 C:\laragon\www\CI4SIKATAR\vendor\codeigniter4\framework\system\Common.php(1217): CodeIgniter\View\View->render('administrator/a...', Array, true)
#4 C:\laragon\www\CI4SIKATAR\app\Controllers\Administrator.php(684): view('administrator/a...')
#5 C:\laragon\www\CI4SIKATAR\vendor\codeigniter4\framework\system\CodeIgniter.php(936): App\Controllers\Administrator->aspirasi()
#6 C:\laragon\www\CI4SIKATAR\vendor\codeigniter4\framework\system\CodeIgniter.php(432): CodeIgniter\CodeIgniter->runController(Object(App\Controllers\Administrator))
#7 C:\laragon\www\CI4SIKATAR\vendor\codeigniter4\framework\system\CodeIgniter.php(333): CodeIgniter\CodeIgniter->handleRequest(NULL, Object(Config\Cache), false)
#8 C:\laragon\www\CI4SIKATAR\public\index.php(44): CodeIgniter\CodeIgniter->run()
#9 C:\laragon\www\CI4SIKATAR\vendor\codeigniter4\framework\system\Commands\Server\rewrite.php(45): require_once('C:\\laragon\\www\\...')
#10 {main}
CRITICAL - 2021-04-21 18:47:33 --> Undefined index: namaaspirasi
#0 C:\laragon\www\CI4SIKATAR\app\Views\administrator\admaspirasi.php(25): CodeIgniter\Debug\Exceptions->errorHandler(8, 'Undefined index...', 'C:\\laragon\\www\\...', 25, Array)
#1 C:\laragon\www\CI4SIKATAR\vendor\codeigniter4\framework\system\View\View.php(220): include('C:\\laragon\\www\\...')
#2 C:\laragon\www\CI4SIKATAR\vendor\codeigniter4\framework\system\View\View.php(222): CodeIgniter\View\View->CodeIgniter\View\{closure}()
#3 C:\laragon\www\CI4SIKATAR\vendor\codeigniter4\framework\system\Common.php(1217): CodeIgniter\View\View->render('administrator/a...', Array, true)
#4 C:\laragon\www\CI4SIKATAR\app\Controllers\Administrator.php(684): view('administrator/a...')
#5 C:\laragon\www\CI4SIKATAR\vendor\codeigniter4\framework\system\CodeIgniter.php(936): App\Controllers\Administrator->aspirasi()
#6 C:\laragon\www\CI4SIKATAR\vendor\codeigniter4\framework\system\CodeIgniter.php(432): CodeIgniter\CodeIgniter->runController(Object(App\Controllers\Administrator))
#7 C:\laragon\www\CI4SIKATAR\vendor\codeigniter4\framework\system\CodeIgniter.php(333): CodeIgniter\CodeIgniter->handleRequest(NULL, Object(Config\Cache), false)
#8 C:\laragon\www\CI4SIKATAR\public\index.php(44): CodeIgniter\CodeIgniter->run()
#9 C:\laragon\www\CI4SIKATAR\vendor\codeigniter4\framework\system\Commands\Server\rewrite.php(45): require_once('C:\\laragon\\www\\...')
#10 {main}
CRITICAL - 2021-04-21 18:47:41 --> Undefined index: namaspirasi
#0 C:\laragon\www\CI4SIKATAR\app\Views\administrator\admaspirasi.php(25): CodeIgniter\Debug\Exceptions->errorHandler(8, 'Undefined index...', 'C:\\laragon\\www\\...', 25, Array)
#1 C:\laragon\www\CI4SIKATAR\vendor\codeigniter4\framework\system\View\View.php(220): include('C:\\laragon\\www\\...')
#2 C:\laragon\www\CI4SIKATAR\vendor\codeigniter4\framework\system\View\View.php(222): CodeIgniter\View\View->CodeIgniter\View\{closure}()
#3 C:\laragon\www\CI4SIKATAR\vendor\codeigniter4\framework\system\Common.php(1217): CodeIgniter\View\View->render('administrator/a...', Array, true)
#4 C:\laragon\www\CI4SIKATAR\app\Controllers\Administrator.php(684): view('administrator/a...')
#5 C:\laragon\www\CI4SIKATAR\vendor\codeigniter4\framework\system\CodeIgniter.php(936): App\Controllers\Administrator->aspirasi()
#6 C:\laragon\www\CI4SIKATAR\vendor\codeigniter4\framework\system\CodeIgniter.php(432): CodeIgniter\CodeIgniter->runController(Object(App\Controllers\Administrator))
#7 C:\laragon\www\CI4SIKATAR\vendor\codeigniter4\framework\system\CodeIgniter.php(333): CodeIgniter\CodeIgniter->handleRequest(NULL, Object(Config\Cache), false)
#8 C:\laragon\www\CI4SIKATAR\public\index.php(44): CodeIgniter\CodeIgniter->run()
#9 C:\laragon\www\CI4SIKATAR\vendor\codeigniter4\framework\system\Commands\Server\rewrite.php(45): require_once('C:\\laragon\\www\\...')
#10 {main}
CRITICAL - 2021-04-21 19:08:45 --> Maximum execution time of 60 seconds exceeded
#0 [internal function]: CodeIgniter\Debug\Exceptions->shutdownHandler()
#1 {main}
