CRITICAL - 2021-04-05 00:31:15 --> file_get_contents(): php_network_getaddresses: getaddrinfo failed: No such host is known. 
#0 [internal function]: CodeIgniter\Debug\Exceptions->errorHandler(2, 'file_get_conten...', 'C:\\laragon\\www\\...', 16, Array)
#1 C:\laragon\www\CI4SISFORDES-KB\app\Views\pages\home.php(16): file_get_contents('https://apicovi...')
#2 C:\laragon\www\CI4SISFORDES-KB\vendor\codeigniter4\framework\system\View\View.php(220): include('C:\\laragon\\www\\...')
#3 C:\laragon\www\CI4SISFORDES-KB\vendor\codeigniter4\framework\system\View\View.php(222): CodeIgniter\View\View->CodeIgniter\View\{closure}()
#4 C:\laragon\www\CI4SISFORDES-KB\vendor\codeigniter4\framework\system\Common.php(1217): CodeIgniter\View\View->render('pages/home', Array, true)
#5 C:\laragon\www\CI4SISFORDES-KB\app\Controllers\Pages.php(44): view('pages/home')
#6 C:\laragon\www\CI4SISFORDES-KB\vendor\codeigniter4\framework\system\CodeIgniter.php(936): App\Controllers\Pages->index()
#7 C:\laragon\www\CI4SISFORDES-KB\vendor\codeigniter4\framework\system\CodeIgniter.php(432): CodeIgniter\CodeIgniter->runController(Object(App\Controllers\Pages))
#8 C:\laragon\www\CI4SISFORDES-KB\vendor\codeigniter4\framework\system\CodeIgniter.php(333): CodeIgniter\CodeIgniter->handleRequest(NULL, Object(Config\Cache), false)
#9 C:\laragon\www\CI4SISFORDES-KB\public\index.php(44): CodeIgniter\CodeIgniter->run()
#10 C:\laragon\www\CI4SISFORDES-KB\vendor\codeigniter4\framework\system\Commands\Server\rewrite.php(45): require_once('C:\\laragon\\www\\...')
#11 {main}
CRITICAL - 2021-04-05 00:33:09 --> file_get_contents(): php_network_getaddresses: getaddrinfo failed: No such host is known. 
#0 [internal function]: CodeIgniter\Debug\Exceptions->errorHandler(2, 'file_get_conten...', 'C:\\laragon\\www\\...', 16, Array)
#1 C:\laragon\www\CI4SISFORDES-KB\app\Views\pages\home.php(16): file_get_contents('https://apicovi...')
#2 C:\laragon\www\CI4SISFORDES-KB\vendor\codeigniter4\framework\system\View\View.php(220): include('C:\\laragon\\www\\...')
#3 C:\laragon\www\CI4SISFORDES-KB\vendor\codeigniter4\framework\system\View\View.php(222): CodeIgniter\View\View->CodeIgniter\View\{closure}()
#4 C:\laragon\www\CI4SISFORDES-KB\vendor\codeigniter4\framework\system\Common.php(1217): CodeIgniter\View\View->render('pages/home', Array, true)
#5 C:\laragon\www\CI4SISFORDES-KB\app\Controllers\Pages.php(44): view('pages/home')
#6 C:\laragon\www\CI4SISFORDES-KB\vendor\codeigniter4\framework\system\CodeIgniter.php(936): App\Controllers\Pages->index()
#7 C:\laragon\www\CI4SISFORDES-KB\vendor\codeigniter4\framework\system\CodeIgniter.php(432): CodeIgniter\CodeIgniter->runController(Object(App\Controllers\Pages))
#8 C:\laragon\www\CI4SISFORDES-KB\vendor\codeigniter4\framework\system\CodeIgniter.php(333): CodeIgniter\CodeIgniter->handleRequest(NULL, Object(Config\Cache), false)
#9 C:\laragon\www\CI4SISFORDES-KB\public\index.php(44): CodeIgniter\CodeIgniter->run()
#10 C:\laragon\www\CI4SISFORDES-KB\vendor\codeigniter4\framework\system\Commands\Server\rewrite.php(45): require_once('C:\\laragon\\www\\...')
#11 {main}
CRITICAL - 2021-04-05 01:19:23 --> file_get_contents(): php_network_getaddresses: getaddrinfo failed: No such host is known. 
#0 [internal function]: CodeIgniter\Debug\Exceptions->errorHandler(2, 'file_get_conten...', 'C:\\laragon\\www\\...', 16, Array)
#1 C:\laragon\www\CI4SISFORDES-KB\app\Views\pages\home.php(16): file_get_contents('https://apicovi...')
#2 C:\laragon\www\CI4SISFORDES-KB\vendor\codeigniter4\framework\system\View\View.php(220): include('C:\\laragon\\www\\...')
#3 C:\laragon\www\CI4SISFORDES-KB\vendor\codeigniter4\framework\system\View\View.php(222): CodeIgniter\View\View->CodeIgniter\View\{closure}()
#4 C:\laragon\www\CI4SISFORDES-KB\vendor\codeigniter4\framework\system\Common.php(1217): CodeIgniter\View\View->render('pages/home', Array, true)
#5 C:\laragon\www\CI4SISFORDES-KB\app\Controllers\Pages.php(44): view('pages/home')
#6 C:\laragon\www\CI4SISFORDES-KB\vendor\codeigniter4\framework\system\CodeIgniter.php(936): App\Controllers\Pages->index()
#7 C:\laragon\www\CI4SISFORDES-KB\vendor\codeigniter4\framework\system\CodeIgniter.php(432): CodeIgniter\CodeIgniter->runController(Object(App\Controllers\Pages))
#8 C:\laragon\www\CI4SISFORDES-KB\vendor\codeigniter4\framework\system\CodeIgniter.php(333): CodeIgniter\CodeIgniter->handleRequest(NULL, Object(Config\Cache), false)
#9 C:\laragon\www\CI4SISFORDES-KB\public\index.php(44): CodeIgniter\CodeIgniter->run()
#10 C:\laragon\www\CI4SISFORDES-KB\vendor\codeigniter4\framework\system\Commands\Server\rewrite.php(45): require_once('C:\\laragon\\www\\...')
#11 {main}
